
****** PlanAhead v14.7
  **** Build 321239 by xbuild on Fri Sep 27 19:31:35 MDT 2013
    ** Copyright 1986-1999, 2001-2013 Xilinx, Inc. All Rights Reserved.

INFO: [Common 17-78] Attempting to get a license: PlanAhead
INFO: [Common 17-290] Got license for PlanAhead
INFO: [Device 21-36] Loading parts and site information from D:/14.7/ISE_DS/PlanAhead/data/parts/arch.xml
Parsing RTL primitives file [D:/14.7/ISE_DS/PlanAhead/data/parts/xilinx/rtl/prims/rtl_prims.xml]
Finished parsing RTL primitives file [D:/14.7/ISE_DS/PlanAhead/data/parts/xilinx/rtl/prims/rtl_prims.xml]
start_gui
source C:/Users/natta/OneDrive/Desktop/1_2566/Digital/timeDeDe/time1s/pa.fromHdl.tcl
# create_project -name time1s -dir "C:/Users/natta/OneDrive/Desktop/1_2566/Digital/timeDeDe/time1s/planAhead_run_2" -part xc6slx9tqg144-3
# set_param project.pinAheadLayout yes
# set srcset [get_property srcset [current_run -impl]]
# set_property target_constrs_file "time1s.ucf" [current_fileset -constrset]
Adding file 'C:/Users/natta/OneDrive/Desktop/1_2566/Digital/timeDeDe/time1s/time1s.ucf' to fileset 'constrs_1'
# set hdlfile [add_files [list {time1s.vf}]]
# set_property file_type Verilog $hdlfile
# set_property library work $hdlfile
# set_property top time1s $srcset
# add_files [list {time1s.ucf}] -fileset [get_property constrset [current_run]]
# open_rtl_design -part xc6slx9tqg144-3
Using Verific elaboration
Parsing VHDL file "D:/14.7/ISE_DS/PlanAhead/data/parts/xilinx/rtl/lib/synplify/synattr.vhd" into library synplify
Analyzing Verilog file "C:/Users/natta/OneDrive/Desktop/1_2566/Digital/timeDeDe/time1s/time1s.vf" into library work
Loading clock regions from D:/14.7/ISE_DS/PlanAhead/data\parts/xilinx/spartan6/spartan6lx/xc6slx9/ClockRegion.xml
Loading clock buffers from D:/14.7/ISE_DS/PlanAhead/data\parts/xilinx/spartan6/spartan6lx/xc6slx9/ClockBuffers.xml
Loading package pin functions from D:/14.7/ISE_DS/PlanAhead/data\parts/xilinx/spartan6/PinFunctions.xml...
Loading package from D:/14.7/ISE_DS/PlanAhead/data\parts/xilinx/spartan6/spartan6lx/xc6slx9/tqg144/Package.xml
Loading io standards from D:/14.7/ISE_DS/PlanAhead/data\./parts/xilinx/spartan6/IOStandards.xml
Loading device configuration modes from D:/14.7/ISE_DS/PlanAhead/data\parts/xilinx/spartan6/ConfigModes.xml
Loading list of drcs for the architecture : D:/14.7/ISE_DS/PlanAhead/data\./parts/xilinx/spartan6/drc.xml
Parsing UCF File [C:/Users/natta/OneDrive/Desktop/1_2566/Digital/timeDeDe/time1s/time1s.ucf]
Finished Parsing UCF File [C:/Users/natta/OneDrive/Desktop/1_2566/Digital/timeDeDe/time1s/time1s.ucf]
INFO: [Project 1-111] Unisim Transformation Summary:
No Unisim elements were transformed.

Phase 0 | Netlist Checksum: 3e974d61
open_rtl_design: Time (s): elapsed = 00:00:06 . Memory (MB): peak = 563.836 ; gain = 103.543
update_compile_order -fileset sim_1
startgroup
set_property package_pin P82 [get_ports CLK1s]
endgroup
save_constraints
startgroup
set_property package_pin P123 [get_ports P123]
endgroup
set_property is_loc_fixed false [get_ports [list  P123]]
set_property is_loc_fixed true [get_ports [list  P123]]
save_constraints
exit
ERROR: [Common 17-39] 'stop_gui' failed due to earlier errors.
INFO: [Common 17-206] Exiting PlanAhead at Wed Sep 20 21:50:45 2023...
INFO: [Common 17-83] Releasing license: PlanAhead
