Release 14.7 - xst P.20131013 (nt64)
Copyright (c) 1995-2013 Xilinx, Inc.  All rights reserved.
--> Parameter TMPDIR set to xst/projnav.tmp


Total REAL time to Xst completion: 0.00 secs
Total CPU time to Xst completion: 0.08 secs
 
--> Parameter xsthdpdir set to xst


Total REAL time to Xst completion: 0.00 secs
Total CPU time to Xst completion: 0.08 secs
 
--> Reading design: Lab6_Mix.prj

TABLE OF CONTENTS
  1) Synthesis Options Summary
  2) HDL Parsing
  3) HDL Elaboration
  4) HDL Synthesis
       4.1) HDL Synthesis Report
  5) Advanced HDL Synthesis
       5.1) Advanced HDL Synthesis Report
  6) Low Level Synthesis
  7) Partition Report
  8) Design Summary
       8.1) Primitive and Black Box Usage
       8.2) Device utilization summary
       8.3) Partition Resource Summary
       8.4) Timing Report
            8.4.1) Clock Information
            8.4.2) Asynchronous Control Signals Information
            8.4.3) Timing Summary
            8.4.4) Timing Details
            8.4.5) Cross Clock Domains Report


=========================================================================
*                      Synthesis Options Summary                        *
=========================================================================
---- Source Parameters
Input File Name                    : "Lab6_Mix.prj"
Ignore Synthesis Constraint File   : NO

---- Target Parameters
Output File Name                   : "Lab6_Mix"
Output Format                      : NGC
Target Device                      : xc6slx9-3-tqg144

---- Source Options
Top Module Name                    : Lab6_Mix
Automatic FSM Extraction           : YES
FSM Encoding Algorithm             : Auto
Safe Implementation                : No
FSM Style                          : LUT
RAM Extraction                     : Yes
RAM Style                          : Auto
ROM Extraction                     : Yes
Shift Register Extraction          : YES
ROM Style                          : Auto
Resource Sharing                   : YES
Asynchronous To Synchronous        : NO
Shift Register Minimum Size        : 2
Use DSP Block                      : Auto
Automatic Register Balancing       : No

---- Target Options
LUT Combining                      : Auto
Reduce Control Sets                : Auto
Add IO Buffers                     : YES
Global Maximum Fanout              : 100000
Add Generic Clock Buffer(BUFG)     : 16
Register Duplication               : YES
Optimize Instantiated Primitives   : NO
Use Clock Enable                   : Auto
Use Synchronous Set                : Auto
Use Synchronous Reset              : Auto
Pack IO Registers into IOBs        : Auto
Equivalent register Removal        : YES

---- General Options
Optimization Goal                  : Speed
Optimization Effort                : 1
Power Reduction                    : NO
Keep Hierarchy                     : No
Netlist Hierarchy                  : As_Optimized
RTL Output                         : Yes
Global Optimization                : AllClockNets
Read Cores                         : YES
Write Timing Constraints           : NO
Cross Clock Analysis               : NO
Hierarchy Separator                : /
Bus Delimiter                      : <>
Case Specifier                     : Maintain
Slice Utilization Ratio            : 100
BRAM Utilization Ratio             : 100
DSP48 Utilization Ratio            : 100
Auto BRAM Packing                  : NO
Slice Utilization Ratio Delta      : 5

=========================================================================


=========================================================================
*                          HDL Parsing                                  *
=========================================================================
Analyzing Verilog file "C:\Users\natta\OneDrive\Desktop\Digital\Lab6\Lab6_Mix\SevenSig.vf" into library work
Parsing module <OR6_HXILINX_SevenSig>.
Parsing module <SevenSig>.
Analyzing Verilog file "C:\Users\natta\OneDrive\Desktop\Digital\Lab6\Lab6_Mix\HalfAdd.vf" into library work
Parsing module <HalfAdd>.
Analyzing Verilog file "C:\Users\natta\OneDrive\Desktop\Digital\Lab6\Lab6_Mix\FullAdd.vf" into library work
Parsing module <FullAdd>.
Analyzing Verilog file "C:\Users\natta\OneDrive\Desktop\Digital\Lab6\Lab6_Mix\Lab6_Mix.vf" into library work
Parsing module <OR6_HXILINX_Lab6_Mix>.
Parsing module <FullAdd_MUSER_Lab6_Mix>.
Parsing module <SevenSig_MUSER_Lab6_Mix>.
Parsing module <HalfAdd_MUSER_Lab6_Mix>.
Parsing module <Lab6_Mix>.

=========================================================================
*                            HDL Elaboration                            *
=========================================================================

Elaborating module <Lab6_Mix>.

Elaborating module <HalfAdd_MUSER_Lab6_Mix>.

Elaborating module <XOR2>.

Elaborating module <AND2>.

Elaborating module <FullAdd_MUSER_Lab6_Mix>.

Elaborating module <OR2>.

Elaborating module <INV>.

Elaborating module <BUF>.

Elaborating module <SevenSig_MUSER_Lab6_Mix>.

Elaborating module <OR6_HXILINX_Lab6_Mix>.

Elaborating module <AND3>.

Elaborating module <OR5>.

Elaborating module <OR4>.

=========================================================================
*                           HDL Synthesis                               *
=========================================================================

Synthesizing Unit <Lab6_Mix>.
    Related source file is "C:\Users\natta\OneDrive\Desktop\Digital\Lab6\Lab6_Mix\Lab6_Mix.vf".
WARNING:Xst - Value "\0" of property "LOC" is not applicable. List of valid values is "" 
WARNING:Xst - Value "\0" of property "LOC" is not applicable. List of valid values is "" 
INFO:Xst:3210 - "C:\Users\natta\OneDrive\Desktop\Digital\Lab6\Lab6_Mix\Lab6_Mix.vf" line 485: Output port <Co> of the instance <XLXI_40> is unconnected or connected to loadless signal.
    Summary:
	no macro.
Unit <Lab6_Mix> synthesized.

Synthesizing Unit <HalfAdd_MUSER_Lab6_Mix>.
    Related source file is "C:\Users\natta\OneDrive\Desktop\Digital\Lab6\Lab6_Mix\Lab6_Mix.vf".
    Summary:
	no macro.
Unit <HalfAdd_MUSER_Lab6_Mix> synthesized.

Synthesizing Unit <FullAdd_MUSER_Lab6_Mix>.
    Related source file is "C:\Users\natta\OneDrive\Desktop\Digital\Lab6\Lab6_Mix\Lab6_Mix.vf".
    Summary:
	no macro.
Unit <FullAdd_MUSER_Lab6_Mix> synthesized.

Synthesizing Unit <SevenSig_MUSER_Lab6_Mix>.
    Related source file is "C:\Users\natta\OneDrive\Desktop\Digital\Lab6\Lab6_Mix\Lab6_Mix.vf".
    Set property "HU_SET = XLXI_1_0" for instance <XLXI_1>.
    Summary:
	no macro.
Unit <SevenSig_MUSER_Lab6_Mix> synthesized.

Synthesizing Unit <OR6_HXILINX_Lab6_Mix>.
    Related source file is "C:\Users\natta\OneDrive\Desktop\Digital\Lab6\Lab6_Mix\Lab6_Mix.vf".
    Summary:
	no macro.
Unit <OR6_HXILINX_Lab6_Mix> synthesized.

=========================================================================
HDL Synthesis Report

Found no macro
=========================================================================

=========================================================================
*                       Advanced HDL Synthesis                          *
=========================================================================


=========================================================================
Advanced HDL Synthesis Report

Found no macro
=========================================================================

=========================================================================
*                         Low Level Synthesis                           *
=========================================================================

Optimizing unit <Lab6_Mix> ...

Optimizing unit <SevenSig_MUSER_Lab6_Mix> ...

Optimizing unit <OR6_HXILINX_Lab6_Mix> ...

Mapping all equations...
Building and optimizing final netlist ...
Found area constraint ratio of 100 (+ 5) on block Lab6_Mix, actual ratio is 0.

Final Macro Processing ...

=========================================================================
Final Register Report

Found no macro
=========================================================================

=========================================================================
*                           Partition Report                            *
=========================================================================

Partition Implementation Status
-------------------------------

  No Partitions were found in this design.

-------------------------------

=========================================================================
*                            Design Summary                             *
=========================================================================

Top Level Output File Name         : Lab6_Mix.ngc

Primitive and Black Box Usage:
------------------------------
# BELS                             : 106
#      AND2                        : 42
#      AND3                        : 11
#      BUF                         : 5
#      INV                         : 6
#      LUT6                        : 1
#      OR2                         : 14
#      OR4                         : 1
#      OR5                         : 5
#      XOR2                        : 21
# IO Buffers                       : 18
#      IBUF                        : 9
#      OBUF                        : 9

Device utilization summary:
---------------------------

Selected Device : 6slx9tqg144-3 


Slice Logic Utilization: 
 Number of Slice LUTs:                    7  out of   5720     0%  
    Number used as Logic:                 7  out of   5720     0%  

Slice Logic Distribution: 
 Number of LUT Flip Flop pairs used:      7
   Number with an unused Flip Flop:       7  out of      7   100%  
   Number with an unused LUT:             0  out of      7     0%  
   Number of fully used LUT-FF pairs:     0  out of      7     0%  
   Number of unique control sets:         0

IO Utilization: 
 Number of IOs:                          18
 Number of bonded IOBs:                  18  out of    102    17%  

Specific Feature Utilization:

---------------------------
Partition Resource Summary:
---------------------------

  No Partitions were found in this design.

---------------------------


=========================================================================
Timing Report

NOTE: THESE TIMING NUMBERS ARE ONLY A SYNTHESIS ESTIMATE.
      FOR ACCURATE TIMING INFORMATION PLEASE REFER TO THE TRACE REPORT
      GENERATED AFTER PLACE-and-ROUTE.

Clock Information:
------------------
No clock signals found in this design

Asynchronous Control Signals Information:
----------------------------------------
No asynchronous control signals found in this design

Timing Summary:
---------------
Speed Grade: -3

   Minimum period: No path found
   Minimum input arrival time before clock: No path found
   Maximum output required time after clock: No path found
   Maximum combinational path delay: 21.449ns

Timing Details:
---------------
All values displayed in nanoseconds (ns)

=========================================================================
Timing constraint: Default path analysis
  Total number of paths / destination ports: 2724 / 9
-------------------------------------------------------------------------
Delay:               21.449ns (Levels of Logic = 16)
  Source:            Dip8_P99 (PAD)
  Destination:       P27 (PAD)

  Data Path: Dip8_P99 to P27
                                Gate     Net
    Cell:in->out      fanout   Delay   Delay  Logical Name (Net Name)
    ----------------------------------------  ------------
     IBUF:I->O             1   1.222   0.579  Dip8_P99_IBUF (Dip8_P99_IBUF)
     BUF:I->O              7   0.568   1.138  XLXI_29 (XLXN_134)
     XOR2:I0->O            2   0.203   0.981  XLXI_34 (XLXN_109)
     AND2:I0->O            2   0.203   0.961  XLXI_1/XLXI_2 (XLXN_3)
     AND2:I1->O            1   0.223   0.924  XLXI_2/XLXI_14 (XLXI_2/XLXN_19)
     OR2:I1->O             2   0.223   0.961  XLXI_2/XLXI_13 (XLXN_8)
     AND2:I1->O            1   0.223   0.924  XLXI_3/XLXI_14 (XLXI_3/XLXN_19)
     OR2:I1->O             2   0.223   0.981  XLXI_3/XLXI_13 (XLXN_105)
     XOR2:I0->O            3   0.203   0.995  XLXI_4/XLXI_11 (XLXN_115)
     XOR2:I1->O            1   0.223   0.924  XLXI_15/XLXI_10 (XLXI_15/XLXN_17)
     XOR2:I1->O            1   0.223   0.579  XLXI_15/XLXI_11 (sum3_Led7_P67)
     BUF:I->O             12   0.568   0.908  XLXI_37/XLXI_78 (XLXI_37/A)
     INV:I->O             10   0.568   1.104  XLXI_37/XLXI_86 (XLXI_37/Ainv)
     AND3:I2->O            1   0.320   0.944  XLXI_37/XLXI_27 (XLXI_37/XLXN_26)
     begin scope: 'XLXI_37/XLXI_1:I4'
     LUT6:I0->O            1   0.203   0.579  O1 (O)
     end scope: 'XLXI_37/XLXI_1:O'
     OBUF:I->O                 2.571          P41_OBUF (P41)
    ----------------------------------------
    Total                     21.449ns (7.967ns logic, 13.482ns route)
                                       (37.1% logic, 62.9% route)

=========================================================================

Cross Clock Domains Report:
--------------------------

=========================================================================


Total REAL time to Xst completion: 4.00 secs
Total CPU time to Xst completion: 4.42 secs
 
--> 

Total memory usage is 4486272 kilobytes

Number of errors   :    0 (   0 filtered)
Number of warnings :    2 (   0 filtered)
Number of infos    :    1 (   0 filtered)

