#-----------------------------------------------------------
# PlanAhead v14.7
# Build 321239 by xbuild on Fri Sep 27 19:31:35 MDT 2013
# Start of session at: Mon Sep 18 14:23:43 2023
# Process ID: 15660
# Log file: C:/Users/natta/OneDrive/Desktop/Digital/Lab6/Circuit/Mod/Mod10/planAhead_run_1/planAhead.log
# Journal file: C:/Users/natta/OneDrive/Desktop/Digital/Lab6/Circuit/Mod/Mod10/planAhead_run_1/planAhead.jou
#-----------------------------------------------------------
INFO: [Common 17-78] Attempting to get a license: PlanAhead
INFO: [Common 17-290] Got license for PlanAhead
INFO: [Device 21-36] Loading parts and site information from D:/14.7/ISE_DS/PlanAhead/data/parts/arch.xml
Parsing RTL primitives file [D:/14.7/ISE_DS/PlanAhead/data/parts/xilinx/rtl/prims/rtl_prims.xml]
Finished parsing RTL primitives file [D:/14.7/ISE_DS/PlanAhead/data/parts/xilinx/rtl/prims/rtl_prims.xml]
start_gui
source C:/Users/natta/OneDrive/Desktop/Digital/Lab6/Circuit/Mod/Mod10/pa.fromHdl.tcl
# create_project -name Mod10 -dir "C:/Users/natta/OneDrive/Desktop/Digital/Lab6/Circuit/Mod/Mod10/planAhead_run_1" -part xc6slx9tqg144-3
# set_param project.pinAheadLayout yes
# set srcset [get_property srcset [current_run -impl]]
# set_property target_constrs_file "Mod10.ucf" [current_fileset -constrset]
Adding file 'C:/Users/natta/OneDrive/Desktop/Digital/Lab6/Circuit/Mod/Mod10/Mod10.ucf' to fileset 'constrs_1'
# set hdlfile [add_files [list {Mod10.vf}]]
# set_property file_type Verilog $hdlfile
# set_property library work $hdlfile
# set_property top Mod10 $srcset
# add_files [list {Mod10.ucf}] -fileset [get_property constrset [current_run]]
# open_rtl_design -part xc6slx9tqg144-3
Using Verific elaboration
Parsing VHDL file "D:/14.7/ISE_DS/PlanAhead/data/parts/xilinx/rtl/lib/synplify/synattr.vhd" into library synplify
Analyzing Verilog file "C:/Users/natta/OneDrive/Desktop/Digital/Lab6/Circuit/Mod/Mod10/Mod10.vf" into library work
Loading clock regions from D:/14.7/ISE_DS/PlanAhead/data\parts/xilinx/spartan6/spartan6lx/xc6slx9/ClockRegion.xml
Loading clock buffers from D:/14.7/ISE_DS/PlanAhead/data\parts/xilinx/spartan6/spartan6lx/xc6slx9/ClockBuffers.xml
Loading package pin functions from D:/14.7/ISE_DS/PlanAhead/data\parts/xilinx/spartan6/PinFunctions.xml...
Loading package from D:/14.7/ISE_DS/PlanAhead/data\parts/xilinx/spartan6/spartan6lx/xc6slx9/tqg144/Package.xml
Loading io standards from D:/14.7/ISE_DS/PlanAhead/data\./parts/xilinx/spartan6/IOStandards.xml
Loading device configuration modes from D:/14.7/ISE_DS/PlanAhead/data\parts/xilinx/spartan6/ConfigModes.xml
Loading list of drcs for the architecture : D:/14.7/ISE_DS/PlanAhead/data\./parts/xilinx/spartan6/drc.xml
Parsing UCF File [C:/Users/natta/OneDrive/Desktop/Digital/Lab6/Circuit/Mod/Mod10/Mod10.ucf]
Finished Parsing UCF File [C:/Users/natta/OneDrive/Desktop/Digital/Lab6/Circuit/Mod/Mod10/Mod10.ucf]
INFO: [Project 1-111] Unisim Transformation Summary:
No Unisim elements were transformed.

Phase 0 | Netlist Checksum: e5c8e394
open_rtl_design: Time (s): elapsed = 00:00:06 . Memory (MB): peak = 548.664 ; gain = 110.195
update_compile_order -fileset sim_1
startgroup
set_property package_pin P79 [get_ports A]
endgroup
startgroup
set_property package_pin P80 [get_ports B]
endgroup
startgroup
set_property package_pin P81 [get_ports C]
endgroup
startgroup
set_property package_pin P82 [get_ports D]
endgroup
startgroup
set_property package_pin P46 [get_ports PB2_P46]
endgroup
set_property is_loc_fixed false [get_ports [list  PB2_P46]]
save_constraints
set_property is_loc_fixed true [get_ports [list  PB2_P46]]
save_constraints
exit
ERROR: [PlanAhead 12-106] *** Exception: ui.h.b: Found deleted key in HTclEventBroker. Verify if the classes listed here call cleanup()
HTclEvent: DEBUG_CORE_CONFIG_CHANGE   Classes: ui.views.aR 
HTclEvent: SIGNAL_MODIFY   Classes: ui.views.aR 
HTclEvent: SIGNAL_BUS_MODIFY   Classes: ui.views.aR 
HTclEvent: DEBUG_PORT_CONFIG_CHANGE   Classes: ui.views.aR 
 (See C:/Users/natta/OneDrive/Desktop/Digital/Lab6/Circuit/Mod/Mod10\planAhead_pid15660.debug)
ERROR: [Common 17-39] 'stop_gui' failed due to earlier errors.
INFO: [Common 17-206] Exiting PlanAhead at Mon Sep 18 14:24:37 2023...
INFO: [Common 17-83] Releasing license: PlanAhead
