Release 14.7 - xst P.20131013 (nt64)
Copyright (c) 1995-2013 Xilinx, Inc.  All rights reserved.
--> Parameter TMPDIR set to xst/projnav.tmp


Total REAL time to Xst completion: 0.00 secs
Total CPU time to Xst completion: 0.08 secs
 
--> Parameter xsthdpdir set to xst


Total REAL time to Xst completion: 0.00 secs
Total CPU time to Xst completion: 0.08 secs
 
--> Reading design: Lab9_Counter.prj

TABLE OF CONTENTS
  1) Synthesis Options Summary
  2) HDL Parsing
  3) HDL Elaboration
  4) HDL Synthesis
       4.1) HDL Synthesis Report
  5) Advanced HDL Synthesis
       5.1) Advanced HDL Synthesis Report
  6) Low Level Synthesis
  7) Partition Report
  8) Design Summary
       8.1) Primitive and Black Box Usage
       8.2) Device utilization summary
       8.3) Partition Resource Summary
       8.4) Timing Report
            8.4.1) Clock Information
            8.4.2) Asynchronous Control Signals Information
            8.4.3) Timing Summary
            8.4.4) Timing Details
            8.4.5) Cross Clock Domains Report


=========================================================================
*                      Synthesis Options Summary                        *
=========================================================================
---- Source Parameters
Input File Name                    : "Lab9_Counter.prj"
Ignore Synthesis Constraint File   : NO

---- Target Parameters
Output File Name                   : "Lab9_Counter"
Output Format                      : NGC
Target Device                      : xc6slx9-3-tqg144

---- Source Options
Top Module Name                    : Lab9_Counter
Automatic FSM Extraction           : YES
FSM Encoding Algorithm             : Auto
Safe Implementation                : No
FSM Style                          : LUT
RAM Extraction                     : Yes
RAM Style                          : Auto
ROM Extraction                     : Yes
Shift Register Extraction          : YES
ROM Style                          : Auto
Resource Sharing                   : YES
Asynchronous To Synchronous        : NO
Shift Register Minimum Size        : 2
Use DSP Block                      : Auto
Automatic Register Balancing       : No

---- Target Options
LUT Combining                      : Auto
Reduce Control Sets                : Auto
Add IO Buffers                     : YES
Global Maximum Fanout              : 100000
Add Generic Clock Buffer(BUFG)     : 16
Register Duplication               : YES
Optimize Instantiated Primitives   : NO
Use Clock Enable                   : Auto
Use Synchronous Set                : Auto
Use Synchronous Reset              : Auto
Pack IO Registers into IOBs        : Auto
Equivalent register Removal        : YES

---- General Options
Optimization Goal                  : Speed
Optimization Effort                : 1
Power Reduction                    : NO
Keep Hierarchy                     : No
Netlist Hierarchy                  : As_Optimized
RTL Output                         : Yes
Global Optimization                : AllClockNets
Read Cores                         : YES
Write Timing Constraints           : NO
Cross Clock Analysis               : NO
Hierarchy Separator                : /
Bus Delimiter                      : <>
Case Specifier                     : Maintain
Slice Utilization Ratio            : 100
BRAM Utilization Ratio             : 100
DSP48 Utilization Ratio            : 100
Auto BRAM Packing                  : NO
Slice Utilization Ratio Delta      : 5

=========================================================================


=========================================================================
*                          HDL Parsing                                  *
=========================================================================
Analyzing Verilog file "C:\Users\natta\OneDrive\Desktop\1_2566\Digital\Lab9_counter\Lab9_Counter.vf" into library work
Parsing module <FJKC_HXILINX_Lab9_Counter>.
Parsing module <Lab9_Counter>.

=========================================================================
*                            HDL Elaboration                            *
=========================================================================

Elaborating module <Lab9_Counter>.

Elaborating module <FJKC_HXILINX_Lab9_Counter>.

Elaborating module <INV>.

Elaborating module <AND2>.

=========================================================================
*                           HDL Synthesis                               *
=========================================================================

Synthesizing Unit <Lab9_Counter>.
    Related source file is "C:\Users\natta\OneDrive\Desktop\1_2566\Digital\Lab9_counter\Lab9_Counter.vf".
    Set property "HU_SET = XLXI_1_0" for instance <XLXI_1>.
    Set property "HU_SET = XLXI_2_1" for instance <XLXI_2>.
    Set property "HU_SET = XLXI_3_2" for instance <XLXI_3>.
    Set property "HU_SET = XLXI_4_3" for instance <XLXI_4>.
    Summary:
	no macro.
Unit <Lab9_Counter> synthesized.

Synthesizing Unit <FJKC_HXILINX_Lab9_Counter>.
    Related source file is "C:\Users\natta\OneDrive\Desktop\1_2566\Digital\Lab9_counter\Lab9_Counter.vf".
        INIT = 1'b0
    Found 1-bit register for signal <Q>.
    Summary:
	inferred   1 D-type flip-flop(s).
	inferred   2 Multiplexer(s).
Unit <FJKC_HXILINX_Lab9_Counter> synthesized.

=========================================================================
HDL Synthesis Report

Macro Statistics
# Registers                                            : 4
 1-bit register                                        : 4
# Multiplexers                                         : 8
 1-bit 2-to-1 multiplexer                              : 8

=========================================================================

=========================================================================
*                       Advanced HDL Synthesis                          *
=========================================================================


=========================================================================
Advanced HDL Synthesis Report

Macro Statistics
# Registers                                            : 4
 Flip-Flops                                            : 4
# Multiplexers                                         : 8
 1-bit 2-to-1 multiplexer                              : 8

=========================================================================

=========================================================================
*                         Low Level Synthesis                           *
=========================================================================

Optimizing unit <Lab9_Counter> ...

Optimizing unit <FJKC_HXILINX_Lab9_Counter> ...

Mapping all equations...
Building and optimizing final netlist ...
Found area constraint ratio of 100 (+ 5) on block Lab9_Counter, actual ratio is 0.

Final Macro Processing ...

=========================================================================
Final Register Report

Macro Statistics
# Registers                                            : 4
 Flip-Flops                                            : 4

=========================================================================

=========================================================================
*                           Partition Report                            *
=========================================================================

Partition Implementation Status
-------------------------------

  No Partitions were found in this design.

-------------------------------

=========================================================================
*                            Design Summary                             *
=========================================================================

Top Level Output File Name         : Lab9_Counter.ngc

Primitive and Black Box Usage:
------------------------------
# BELS                             : 13
#      AND2                        : 1
#      INV                         : 4
#      LUT2                        : 4
#      LUT3                        : 4
# FlipFlops/Latches                : 4
#      FDCE                        : 4
# Clock Buffers                    : 1
#      BUFGP                       : 1
# IO Buffers                       : 5
#      IBUF                        : 1
#      OBUF                        : 4

Device utilization summary:
---------------------------

Selected Device : 6slx9tqg144-3 


Slice Logic Utilization: 
 Number of Slice Registers:               4  out of  11440     0%  
 Number of Slice LUTs:                   12  out of   5720     0%  
    Number used as Logic:                12  out of   5720     0%  

Slice Logic Distribution: 
 Number of LUT Flip Flop pairs used:     16
   Number with an unused Flip Flop:      12  out of     16    75%  
   Number with an unused LUT:             4  out of     16    25%  
   Number of fully used LUT-FF pairs:     0  out of     16     0%  
   Number of unique control sets:         4

IO Utilization: 
 Number of IOs:                           6
 Number of bonded IOBs:                   6  out of    102     5%  

Specific Feature Utilization:
 Number of BUFG/BUFGCTRLs:                1  out of     16     6%  

---------------------------
Partition Resource Summary:
---------------------------

  No Partitions were found in this design.

---------------------------


=========================================================================
Timing Report

NOTE: THESE TIMING NUMBERS ARE ONLY A SYNTHESIS ESTIMATE.
      FOR ACCURATE TIMING INFORMATION PLEASE REFER TO THE TRACE REPORT
      GENERATED AFTER PLACE-and-ROUTE.

Clock Information:
------------------
-----------------------------------+------------------------+-------+
Clock Signal                       | Clock buffer(FF name)  | Load  |
-----------------------------------+------------------------+-------+
XLXI_3/Q                           | NONE(XLXI_4/Q)         | 1     |
XLXI_2/Q                           | NONE(XLXI_3/Q)         | 1     |
XLXI_1/Q                           | NONE(XLXI_2/Q)         | 1     |
CLK                                | BUFGP                  | 1     |
-----------------------------------+------------------------+-------+
INFO:Xst:2169 - HDL ADVISOR - Some clock signals were not automatically buffered by XST with BUFG/BUFR resources. Please use the buffer_type constraint in order to insert these buffers to the clock signals to help prevent skew problems.

Asynchronous Control Signals Information:
----------------------------------------
No asynchronous control signals found in this design

Timing Summary:
---------------
Speed Grade: -3

   Minimum period: 2.810ns (Maximum Frequency: 355.859MHz)
   Minimum input arrival time before clock: 3.435ns
   Maximum output required time after clock: 3.701ns
   Maximum combinational path delay: No path found

Timing Details:
---------------
All values displayed in nanoseconds (ns)

=========================================================================
Timing constraint: Default period analysis for Clock 'XLXI_3/Q'
  Clock period: 2.778ns (frequency: 359.997MHz)
  Total number of paths / destination ports: 2 / 2
-------------------------------------------------------------------------
Delay:               2.778ns (Levels of Logic = 2)
  Source:            XLXI_4/Q (FF)
  Destination:       XLXI_4/Q (FF)
  Source Clock:      XLXI_3/Q falling
  Destination Clock: XLXI_3/Q falling

  Data Path: XLXI_4/Q to XLXI_4/Q
                                Gate     Net
    Cell:in->out      fanout   Delay   Delay  Logical Name (Net Name)
    ----------------------------------------  ------------
     FDCE:C->Q             3   0.447   1.015  Q (Q)
     end scope: 'XLXI_4:Q'
     AND2:I0->O            4   0.203   0.683  XLXI_10 (XLXN_21)
     begin scope: 'XLXI_4:CLR'
     FDCE:CLR                  0.430          Q
    ----------------------------------------
    Total                      2.778ns (1.080ns logic, 1.698ns route)
                                       (38.9% logic, 61.1% route)

=========================================================================
Timing constraint: Default period analysis for Clock 'XLXI_2/Q'
  Clock period: 1.405ns (frequency: 711.617MHz)
  Total number of paths / destination ports: 1 / 1
-------------------------------------------------------------------------
Delay:               1.405ns (Levels of Logic = 1)
  Source:            XLXI_3/Q (FF)
  Destination:       XLXI_3/Q (FF)
  Source Clock:      XLXI_2/Q falling
  Destination Clock: XLXI_2/Q falling

  Data Path: XLXI_3/Q to XLXI_3/Q
                                Gate     Net
    Cell:in->out      fanout   Delay   Delay  Logical Name (Net Name)
    ----------------------------------------  ------------
     FDCE:C->Q             3   0.447   0.651  Q (Q)
     LUT3:I2->O            1   0.205   0.000  Mmux_Q_Q_MUX_3_o11 (Q_Q_MUX_3_o)
     FDCE:D                    0.102          Q
    ----------------------------------------
    Total                      1.405ns (0.754ns logic, 0.651ns route)
                                       (53.7% logic, 46.3% route)

=========================================================================
Timing constraint: Default period analysis for Clock 'XLXI_1/Q'
  Clock period: 1.405ns (frequency: 711.617MHz)
  Total number of paths / destination ports: 1 / 1
-------------------------------------------------------------------------
Delay:               1.405ns (Levels of Logic = 1)
  Source:            XLXI_2/Q (FF)
  Destination:       XLXI_2/Q (FF)
  Source Clock:      XLXI_1/Q falling
  Destination Clock: XLXI_1/Q falling

  Data Path: XLXI_2/Q to XLXI_2/Q
                                Gate     Net
    Cell:in->out      fanout   Delay   Delay  Logical Name (Net Name)
    ----------------------------------------  ------------
     FDCE:C->Q             3   0.447   0.651  Q (Q)
     LUT3:I2->O            1   0.205   0.000  Mmux_Q_Q_MUX_3_o11 (Q_Q_MUX_3_o)
     FDCE:D                    0.102          Q
    ----------------------------------------
    Total                      1.405ns (0.754ns logic, 0.651ns route)
                                       (53.7% logic, 46.3% route)

=========================================================================
Timing constraint: Default period analysis for Clock 'CLK'
  Clock period: 2.810ns (frequency: 355.859MHz)
  Total number of paths / destination ports: 2 / 2
-------------------------------------------------------------------------
Delay:               2.810ns (Levels of Logic = 2)
  Source:            XLXI_1/Q (FF)
  Destination:       XLXI_1/Q (FF)
  Source Clock:      CLK falling
  Destination Clock: CLK falling

  Data Path: XLXI_1/Q to XLXI_1/Q
                                Gate     Net
    Cell:in->out      fanout   Delay   Delay  Logical Name (Net Name)
    ----------------------------------------  ------------
     FDCE:C->Q             4   0.447   1.028  Q (Q)
     end scope: 'XLXI_1:Q'
     AND2:I1->O            4   0.223   0.683  XLXI_10 (XLXN_21)
     begin scope: 'XLXI_1:CLR'
     FDCE:CLR                  0.430          Q
    ----------------------------------------
    Total                      2.810ns (1.100ns logic, 1.710ns route)
                                       (39.1% logic, 60.9% route)

=========================================================================
Timing constraint: Default OFFSET IN BEFORE for Clock 'XLXI_3/Q'
  Total number of paths / destination ports: 4 / 2
-------------------------------------------------------------------------
Offset:              3.435ns (Levels of Logic = 3)
  Source:            Button (PAD)
  Destination:       XLXI_4/Q (FF)
  Destination Clock: XLXI_3/Q falling

  Data Path: Button to XLXI_4/Q
                                Gate     Net
    Cell:in->out      fanout   Delay   Delay  Logical Name (Net Name)
    ----------------------------------------  ------------
     IBUF:I->O            16   1.222   1.109  Button_IBUF (Button_IBUF)
     begin scope: 'XLXI_4:J'
     LUT2:I0->O            1   0.203   0.579  _n0008_inv1 (_n0008_inv)
     FDCE:CE                   0.322          Q
    ----------------------------------------
    Total                      3.435ns (1.747ns logic, 1.688ns route)
                                       (50.9% logic, 49.1% route)

=========================================================================
Timing constraint: Default OFFSET IN BEFORE for Clock 'XLXI_2/Q'
  Total number of paths / destination ports: 4 / 2
-------------------------------------------------------------------------
Offset:              3.435ns (Levels of Logic = 3)
  Source:            Button (PAD)
  Destination:       XLXI_3/Q (FF)
  Destination Clock: XLXI_2/Q falling

  Data Path: Button to XLXI_3/Q
                                Gate     Net
    Cell:in->out      fanout   Delay   Delay  Logical Name (Net Name)
    ----------------------------------------  ------------
     IBUF:I->O            16   1.222   1.109  Button_IBUF (Button_IBUF)
     begin scope: 'XLXI_3:J'
     LUT2:I0->O            1   0.203   0.579  _n0008_inv1 (_n0008_inv)
     FDCE:CE                   0.322          Q
    ----------------------------------------
    Total                      3.435ns (1.747ns logic, 1.688ns route)
                                       (50.9% logic, 49.1% route)

=========================================================================
Timing constraint: Default OFFSET IN BEFORE for Clock 'XLXI_1/Q'
  Total number of paths / destination ports: 4 / 2
-------------------------------------------------------------------------
Offset:              3.435ns (Levels of Logic = 3)
  Source:            Button (PAD)
  Destination:       XLXI_2/Q (FF)
  Destination Clock: XLXI_1/Q falling

  Data Path: Button to XLXI_2/Q
                                Gate     Net
    Cell:in->out      fanout   Delay   Delay  Logical Name (Net Name)
    ----------------------------------------  ------------
     IBUF:I->O            16   1.222   1.109  Button_IBUF (Button_IBUF)
     begin scope: 'XLXI_2:J'
     LUT2:I0->O            1   0.203   0.579  _n0008_inv1 (_n0008_inv)
     FDCE:CE                   0.322          Q
    ----------------------------------------
    Total                      3.435ns (1.747ns logic, 1.688ns route)
                                       (50.9% logic, 49.1% route)

=========================================================================
Timing constraint: Default OFFSET IN BEFORE for Clock 'CLK'
  Total number of paths / destination ports: 4 / 2
-------------------------------------------------------------------------
Offset:              3.435ns (Levels of Logic = 3)
  Source:            Button (PAD)
  Destination:       XLXI_1/Q (FF)
  Destination Clock: CLK falling

  Data Path: Button to XLXI_1/Q
                                Gate     Net
    Cell:in->out      fanout   Delay   Delay  Logical Name (Net Name)
    ----------------------------------------  ------------
     IBUF:I->O            16   1.222   1.109  Button_IBUF (Button_IBUF)
     begin scope: 'XLXI_1:J'
     LUT2:I0->O            1   0.203   0.579  _n0008_inv1 (_n0008_inv)
     FDCE:CE                   0.322          Q
    ----------------------------------------
    Total                      3.435ns (1.747ns logic, 1.688ns route)
                                       (50.9% logic, 49.1% route)

=========================================================================
Timing constraint: Default OFFSET OUT AFTER for Clock 'CLK'
  Total number of paths / destination ports: 1 / 1
-------------------------------------------------------------------------
Offset:              3.701ns (Levels of Logic = 2)
  Source:            XLXI_1/Q (FF)
  Destination:       D0 (PAD)
  Source Clock:      CLK falling

  Data Path: XLXI_1/Q to D0
                                Gate     Net
    Cell:in->out      fanout   Delay   Delay  Logical Name (Net Name)
    ----------------------------------------  ------------
     FDCE:C->Q             4   0.447   0.683  Q (Q)
     end scope: 'XLXI_1:Q'
     OBUF:I->O                 2.571          D0_OBUF (D0)
    ----------------------------------------
    Total                      3.701ns (3.018ns logic, 0.683ns route)
                                       (81.6% logic, 18.4% route)

=========================================================================
Timing constraint: Default OFFSET OUT AFTER for Clock 'XLXI_1/Q'
  Total number of paths / destination ports: 1 / 1
-------------------------------------------------------------------------
Offset:              3.668ns (Levels of Logic = 2)
  Source:            XLXI_2/Q (FF)
  Destination:       D1 (PAD)
  Source Clock:      XLXI_1/Q falling

  Data Path: XLXI_2/Q to D1
                                Gate     Net
    Cell:in->out      fanout   Delay   Delay  Logical Name (Net Name)
    ----------------------------------------  ------------
     FDCE:C->Q             3   0.447   0.650  Q (Q)
     end scope: 'XLXI_2:Q'
     OBUF:I->O                 2.571          D1_OBUF (D1)
    ----------------------------------------
    Total                      3.668ns (3.018ns logic, 0.650ns route)
                                       (82.3% logic, 17.7% route)

=========================================================================
Timing constraint: Default OFFSET OUT AFTER for Clock 'XLXI_2/Q'
  Total number of paths / destination ports: 1 / 1
-------------------------------------------------------------------------
Offset:              3.668ns (Levels of Logic = 2)
  Source:            XLXI_3/Q (FF)
  Destination:       D2 (PAD)
  Source Clock:      XLXI_2/Q falling

  Data Path: XLXI_3/Q to D2
                                Gate     Net
    Cell:in->out      fanout   Delay   Delay  Logical Name (Net Name)
    ----------------------------------------  ------------
     FDCE:C->Q             3   0.447   0.650  Q (Q)
     end scope: 'XLXI_3:Q'
     OBUF:I->O                 2.571          D2_OBUF (D2)
    ----------------------------------------
    Total                      3.668ns (3.018ns logic, 0.650ns route)
                                       (82.3% logic, 17.7% route)

=========================================================================
Timing constraint: Default OFFSET OUT AFTER for Clock 'XLXI_3/Q'
  Total number of paths / destination ports: 1 / 1
-------------------------------------------------------------------------
Offset:              3.668ns (Levels of Logic = 2)
  Source:            XLXI_4/Q (FF)
  Destination:       D3 (PAD)
  Source Clock:      XLXI_3/Q falling

  Data Path: XLXI_4/Q to D3
                                Gate     Net
    Cell:in->out      fanout   Delay   Delay  Logical Name (Net Name)
    ----------------------------------------  ------------
     FDCE:C->Q             3   0.447   0.650  Q (Q)
     end scope: 'XLXI_4:Q'
     OBUF:I->O                 2.571          D3_OBUF (D3)
    ----------------------------------------
    Total                      3.668ns (3.018ns logic, 0.650ns route)
                                       (82.3% logic, 17.7% route)

=========================================================================

Cross Clock Domains Report:
--------------------------

Clock to Setup on destination clock CLK
---------------+---------+---------+---------+---------+
               | Src:Rise| Src:Fall| Src:Rise| Src:Fall|
Source Clock   |Dest:Rise|Dest:Rise|Dest:Fall|Dest:Fall|
---------------+---------+---------+---------+---------+
CLK            |         |         |    2.810|         |
XLXI_3/Q       |         |         |    2.778|         |
---------------+---------+---------+---------+---------+

Clock to Setup on destination clock XLXI_1/Q
---------------+---------+---------+---------+---------+
               | Src:Rise| Src:Fall| Src:Rise| Src:Fall|
Source Clock   |Dest:Rise|Dest:Rise|Dest:Fall|Dest:Fall|
---------------+---------+---------+---------+---------+
CLK            |         |         |    2.810|         |
XLXI_1/Q       |         |         |    1.405|         |
XLXI_3/Q       |         |         |    2.778|         |
---------------+---------+---------+---------+---------+

Clock to Setup on destination clock XLXI_2/Q
---------------+---------+---------+---------+---------+
               | Src:Rise| Src:Fall| Src:Rise| Src:Fall|
Source Clock   |Dest:Rise|Dest:Rise|Dest:Fall|Dest:Fall|
---------------+---------+---------+---------+---------+
CLK            |         |         |    2.810|         |
XLXI_2/Q       |         |         |    1.405|         |
XLXI_3/Q       |         |         |    2.778|         |
---------------+---------+---------+---------+---------+

Clock to Setup on destination clock XLXI_3/Q
---------------+---------+---------+---------+---------+
               | Src:Rise| Src:Fall| Src:Rise| Src:Fall|
Source Clock   |Dest:Rise|Dest:Rise|Dest:Fall|Dest:Fall|
---------------+---------+---------+---------+---------+
CLK            |         |         |    2.810|         |
XLXI_3/Q       |         |         |    2.778|         |
---------------+---------+---------+---------+---------+

=========================================================================


Total REAL time to Xst completion: 4.00 secs
Total CPU time to Xst completion: 4.36 secs
 
--> 

Total memory usage is 4486288 kilobytes

Number of errors   :    0 (   0 filtered)
Number of warnings :    0 (   0 filtered)
Number of infos    :    1 (   0 filtered)

