Release 14.7 - xst P.20131013 (nt64)
Copyright (c) 1995-2013 Xilinx, Inc.  All rights reserved.
--> Parameter TMPDIR set to xst/projnav.tmp


Total REAL time to Xst completion: 0.00 secs
Total CPU time to Xst completion: 0.17 secs
 
--> Parameter xsthdpdir set to xst


Total REAL time to Xst completion: 0.00 secs
Total CPU time to Xst completion: 0.17 secs
 
--> Reading design: time1s.prj

TABLE OF CONTENTS
  1) Synthesis Options Summary
  2) HDL Parsing
  3) HDL Elaboration
  4) HDL Synthesis
       4.1) HDL Synthesis Report
  5) Advanced HDL Synthesis
       5.1) Advanced HDL Synthesis Report
  6) Low Level Synthesis
  7) Partition Report
  8) Design Summary
       8.1) Primitive and Black Box Usage
       8.2) Device utilization summary
       8.3) Partition Resource Summary
       8.4) Timing Report
            8.4.1) Clock Information
            8.4.2) Asynchronous Control Signals Information
            8.4.3) Timing Summary
            8.4.4) Timing Details
            8.4.5) Cross Clock Domains Report


=========================================================================
*                      Synthesis Options Summary                        *
=========================================================================
---- Source Parameters
Input File Name                    : "time1s.prj"
Ignore Synthesis Constraint File   : NO

---- Target Parameters
Output File Name                   : "time1s"
Output Format                      : NGC
Target Device                      : xc6slx9-3-tqg144

---- Source Options
Top Module Name                    : time1s
Automatic FSM Extraction           : YES
FSM Encoding Algorithm             : Auto
Safe Implementation                : No
FSM Style                          : LUT
RAM Extraction                     : Yes
RAM Style                          : Auto
ROM Extraction                     : Yes
Shift Register Extraction          : YES
ROM Style                          : Auto
Resource Sharing                   : YES
Asynchronous To Synchronous        : NO
Shift Register Minimum Size        : 2
Use DSP Block                      : Auto
Automatic Register Balancing       : No

---- Target Options
LUT Combining                      : Auto
Reduce Control Sets                : Auto
Add IO Buffers                     : YES
Global Maximum Fanout              : 100000
Add Generic Clock Buffer(BUFG)     : 16
Register Duplication               : YES
Optimize Instantiated Primitives   : NO
Use Clock Enable                   : Auto
Use Synchronous Set                : Auto
Use Synchronous Reset              : Auto
Pack IO Registers into IOBs        : Auto
Equivalent register Removal        : YES

---- General Options
Optimization Goal                  : Speed
Optimization Effort                : 1
Power Reduction                    : NO
Keep Hierarchy                     : No
Netlist Hierarchy                  : As_Optimized
RTL Output                         : Yes
Global Optimization                : AllClockNets
Read Cores                         : YES
Write Timing Constraints           : NO
Cross Clock Analysis               : NO
Hierarchy Separator                : /
Bus Delimiter                      : <>
Case Specifier                     : Maintain
Slice Utilization Ratio            : 100
BRAM Utilization Ratio             : 100
DSP48 Utilization Ratio            : 100
Auto BRAM Packing                  : NO
Slice Utilization Ratio Delta      : 5

=========================================================================


=========================================================================
*                          HDL Parsing                                  *
=========================================================================
Analyzing Verilog file "C:\Users\natta\OneDrive\Desktop\Digital\time1s\Mod2.vf" into library work
Parsing module <FJKC_HXILINX_Mod2>.
Parsing module <Mod2>.
Analyzing Verilog file "C:\Users\natta\OneDrive\Desktop\Digital\time1s\Mod10.vf" into library work
Parsing module <FJKC_HXILINX_Mod10>.
Parsing module <Mod10>.
Analyzing Verilog file "C:\Users\natta\OneDrive\Desktop\Digital\time1s\time1s.vf" into library work
Parsing module <FJKC_HXILINX_time1s>.
Parsing module <Mod2_MUSER_time1s>.
Parsing module <Mod10_MUSER_time1s>.
Parsing module <time1s>.

=========================================================================
*                            HDL Elaboration                            *
=========================================================================

Elaborating module <time1s>.

Elaborating module <Mod10_MUSER_time1s>.

Elaborating module <FJKC_HXILINX_time1s>.

Elaborating module <INV>.

Elaborating module <AND3>.

Elaborating module <AND2>.

Elaborating module <Mod2_MUSER_time1s>.

=========================================================================
*                           HDL Synthesis                               *
=========================================================================

Synthesizing Unit <time1s>.
    Related source file is "C:\Users\natta\OneDrive\Desktop\Digital\time1s\time1s.vf".
INFO:Xst:3210 - "C:\Users\natta\OneDrive\Desktop\Digital\time1s\time1s.vf" line 172: Output port <A> of the instance <XLXI_2> is unconnected or connected to loadless signal.
INFO:Xst:3210 - "C:\Users\natta\OneDrive\Desktop\Digital\time1s\time1s.vf" line 172: Output port <B> of the instance <XLXI_2> is unconnected or connected to loadless signal.
INFO:Xst:3210 - "C:\Users\natta\OneDrive\Desktop\Digital\time1s\time1s.vf" line 172: Output port <C> of the instance <XLXI_2> is unconnected or connected to loadless signal.
INFO:Xst:3210 - "C:\Users\natta\OneDrive\Desktop\Digital\time1s\time1s.vf" line 172: Output port <D> of the instance <XLXI_2> is unconnected or connected to loadless signal.
INFO:Xst:3210 - "C:\Users\natta\OneDrive\Desktop\Digital\time1s\time1s.vf" line 180: Output port <A> of the instance <XLXI_3> is unconnected or connected to loadless signal.
INFO:Xst:3210 - "C:\Users\natta\OneDrive\Desktop\Digital\time1s\time1s.vf" line 180: Output port <B> of the instance <XLXI_3> is unconnected or connected to loadless signal.
INFO:Xst:3210 - "C:\Users\natta\OneDrive\Desktop\Digital\time1s\time1s.vf" line 180: Output port <C> of the instance <XLXI_3> is unconnected or connected to loadless signal.
INFO:Xst:3210 - "C:\Users\natta\OneDrive\Desktop\Digital\time1s\time1s.vf" line 180: Output port <D> of the instance <XLXI_3> is unconnected or connected to loadless signal.
INFO:Xst:3210 - "C:\Users\natta\OneDrive\Desktop\Digital\time1s\time1s.vf" line 188: Output port <A> of the instance <XLXI_4> is unconnected or connected to loadless signal.
INFO:Xst:3210 - "C:\Users\natta\OneDrive\Desktop\Digital\time1s\time1s.vf" line 188: Output port <B> of the instance <XLXI_4> is unconnected or connected to loadless signal.
INFO:Xst:3210 - "C:\Users\natta\OneDrive\Desktop\Digital\time1s\time1s.vf" line 188: Output port <C> of the instance <XLXI_4> is unconnected or connected to loadless signal.
INFO:Xst:3210 - "C:\Users\natta\OneDrive\Desktop\Digital\time1s\time1s.vf" line 188: Output port <D> of the instance <XLXI_4> is unconnected or connected to loadless signal.
INFO:Xst:3210 - "C:\Users\natta\OneDrive\Desktop\Digital\time1s\time1s.vf" line 196: Output port <A> of the instance <XLXI_5> is unconnected or connected to loadless signal.
INFO:Xst:3210 - "C:\Users\natta\OneDrive\Desktop\Digital\time1s\time1s.vf" line 196: Output port <B> of the instance <XLXI_5> is unconnected or connected to loadless signal.
INFO:Xst:3210 - "C:\Users\natta\OneDrive\Desktop\Digital\time1s\time1s.vf" line 196: Output port <C> of the instance <XLXI_5> is unconnected or connected to loadless signal.
INFO:Xst:3210 - "C:\Users\natta\OneDrive\Desktop\Digital\time1s\time1s.vf" line 196: Output port <D> of the instance <XLXI_5> is unconnected or connected to loadless signal.
INFO:Xst:3210 - "C:\Users\natta\OneDrive\Desktop\Digital\time1s\time1s.vf" line 204: Output port <A> of the instance <XLXI_6> is unconnected or connected to loadless signal.
INFO:Xst:3210 - "C:\Users\natta\OneDrive\Desktop\Digital\time1s\time1s.vf" line 204: Output port <B> of the instance <XLXI_6> is unconnected or connected to loadless signal.
INFO:Xst:3210 - "C:\Users\natta\OneDrive\Desktop\Digital\time1s\time1s.vf" line 204: Output port <C> of the instance <XLXI_6> is unconnected or connected to loadless signal.
INFO:Xst:3210 - "C:\Users\natta\OneDrive\Desktop\Digital\time1s\time1s.vf" line 204: Output port <D> of the instance <XLXI_6> is unconnected or connected to loadless signal.
INFO:Xst:3210 - "C:\Users\natta\OneDrive\Desktop\Digital\time1s\time1s.vf" line 212: Output port <A> of the instance <XLXI_7> is unconnected or connected to loadless signal.
INFO:Xst:3210 - "C:\Users\natta\OneDrive\Desktop\Digital\time1s\time1s.vf" line 212: Output port <B> of the instance <XLXI_7> is unconnected or connected to loadless signal.
INFO:Xst:3210 - "C:\Users\natta\OneDrive\Desktop\Digital\time1s\time1s.vf" line 212: Output port <C> of the instance <XLXI_7> is unconnected or connected to loadless signal.
INFO:Xst:3210 - "C:\Users\natta\OneDrive\Desktop\Digital\time1s\time1s.vf" line 212: Output port <D> of the instance <XLXI_7> is unconnected or connected to loadless signal.
INFO:Xst:3210 - "C:\Users\natta\OneDrive\Desktop\Digital\time1s\time1s.vf" line 220: Output port <A> of the instance <XLXI_8> is unconnected or connected to loadless signal.
INFO:Xst:3210 - "C:\Users\natta\OneDrive\Desktop\Digital\time1s\time1s.vf" line 220: Output port <B> of the instance <XLXI_8> is unconnected or connected to loadless signal.
INFO:Xst:3210 - "C:\Users\natta\OneDrive\Desktop\Digital\time1s\time1s.vf" line 220: Output port <C> of the instance <XLXI_8> is unconnected or connected to loadless signal.
INFO:Xst:3210 - "C:\Users\natta\OneDrive\Desktop\Digital\time1s\time1s.vf" line 220: Output port <D> of the instance <XLXI_8> is unconnected or connected to loadless signal.
    Summary:
	no macro.
Unit <time1s> synthesized.

Synthesizing Unit <Mod10_MUSER_time1s>.
    Related source file is "C:\Users\natta\OneDrive\Desktop\Digital\time1s\time1s.vf".
    Set property "HU_SET = XLXI_7_1" for instance <XLXI_7>.
    Set property "HU_SET = XLXI_8_2" for instance <XLXI_8>.
    Set property "HU_SET = XLXI_9_3" for instance <XLXI_9>.
    Set property "HU_SET = XLXI_10_4" for instance <XLXI_10>.
    Summary:
	no macro.
Unit <Mod10_MUSER_time1s> synthesized.

Synthesizing Unit <FJKC_HXILINX_time1s>.
    Related source file is "C:\Users\natta\OneDrive\Desktop\Digital\time1s\time1s.vf".
        INIT = 1'b0
    Found 1-bit register for signal <Q>.
    Summary:
	inferred   1 D-type flip-flop(s).
	inferred   2 Multiplexer(s).
Unit <FJKC_HXILINX_time1s> synthesized.

Synthesizing Unit <Mod2_MUSER_time1s>.
    Related source file is "C:\Users\natta\OneDrive\Desktop\Digital\time1s\time1s.vf".
    Set property "HU_SET = XLXI_7_0" for instance <XLXI_7>.
    Summary:
	no macro.
Unit <Mod2_MUSER_time1s> synthesized.

=========================================================================
HDL Synthesis Report

Macro Statistics
# Registers                                            : 29
 1-bit register                                        : 29
# Multiplexers                                         : 58
 1-bit 2-to-1 multiplexer                              : 58

=========================================================================

=========================================================================
*                       Advanced HDL Synthesis                          *
=========================================================================


=========================================================================
Advanced HDL Synthesis Report

Macro Statistics
# Registers                                            : 29
 Flip-Flops                                            : 29
# Multiplexers                                         : 58
 1-bit 2-to-1 multiplexer                              : 58

=========================================================================

=========================================================================
*                         Low Level Synthesis                           *
=========================================================================

Optimizing unit <time1s> ...

Optimizing unit <Mod10_MUSER_time1s> ...

Optimizing unit <FJKC_HXILINX_time1s> ...

Mapping all equations...
Building and optimizing final netlist ...
Found area constraint ratio of 100 (+ 5) on block time1s, actual ratio is 0.

Final Macro Processing ...

=========================================================================
Final Register Report

Macro Statistics
# Registers                                            : 29
 Flip-Flops                                            : 29

=========================================================================

=========================================================================
*                           Partition Report                            *
=========================================================================

Partition Implementation Status
-------------------------------

  No Partitions were found in this design.

-------------------------------

=========================================================================
*                            Design Summary                             *
=========================================================================

Top Level Output File Name         : time1s.ngc

Primitive and Black Box Usage:
------------------------------
# BELS                             : 87
#      AND2                        : 21
#      AND3                        : 7
#      INV                         : 8
#      LUT2                        : 22
#      LUT3                        : 29
# FlipFlops/Latches                : 29
#      FDC                         : 7
#      FDCE                        : 22
# Clock Buffers                    : 1
#      BUFGP                       : 1
# IO Buffers                       : 3
#      IBUF                        : 2
#      OBUF                        : 1

Device utilization summary:
---------------------------

Selected Device : 6slx9tqg144-3 


Slice Logic Utilization: 
 Number of Slice Registers:              29  out of  11440     0%  
 Number of Slice LUTs:                   59  out of   5720     1%  
    Number used as Logic:                59  out of   5720     1%  

Slice Logic Distribution: 
 Number of LUT Flip Flop pairs used:     88
   Number with an unused Flip Flop:      59  out of     88    67%  
   Number with an unused LUT:            29  out of     88    32%  
   Number of fully used LUT-FF pairs:     0  out of     88     0%  
   Number of unique control sets:        29

IO Utilization: 
 Number of IOs:                           4
 Number of bonded IOBs:                   4  out of    102     3%  

Specific Feature Utilization:
 Number of BUFG/BUFGCTRLs:                1  out of     16     6%  

---------------------------
Partition Resource Summary:
---------------------------

  No Partitions were found in this design.

---------------------------


=========================================================================
Timing Report

NOTE: THESE TIMING NUMBERS ARE ONLY A SYNTHESIS ESTIMATE.
      FOR ACCURATE TIMING INFORMATION PLEASE REFER TO THE TRACE REPORT
      GENERATED AFTER PLACE-and-ROUTE.

Clock Information:
------------------
-----------------------------------+-------------------------+-------+
Clock Signal                       | Clock buffer(FF name)   | Load  |
-----------------------------------+-------------------------+-------+
clk_P123                           | BUFGP                   | 1     |
XLXN_7(XLXI_7/XLXI_28:O)           | NONE(*)(XLXI_8/XLXI_7/Q)| 4     |
XLXN_6(XLXI_6/XLXI_28:O)           | NONE(*)(XLXI_7/XLXI_7/Q)| 4     |
XLXN_5(XLXI_5/XLXI_28:O)           | NONE(*)(XLXI_6/XLXI_7/Q)| 4     |
XLXN_4(XLXI_4/XLXI_28:O)           | NONE(*)(XLXI_5/XLXI_7/Q)| 4     |
XLXN_3(XLXI_3/XLXI_28:O)           | NONE(*)(XLXI_4/XLXI_7/Q)| 4     |
XLXN_2(XLXI_2/XLXI_28:O)           | NONE(*)(XLXI_3/XLXI_7/Q)| 4     |
XLXI_12/XLXI_7/Q                   | NONE(XLXI_2/XLXI_7/Q)   | 4     |
-----------------------------------+-------------------------+-------+
(*) These 6 clock signal(s) are generated by combinatorial logic,
and XST is not able to identify which are the primary clock signals.
Please use the CLOCK_SIGNAL constraint to specify the clock signal(s) generated by combinatorial logic.
INFO:Xst:2169 - HDL ADVISOR - Some clock signals were not automatically buffered by XST with BUFG/BUFR resources. Please use the buffer_type constraint in order to insert these buffers to the clock signals to help prevent skew problems.

Asynchronous Control Signals Information:
----------------------------------------
No asynchronous control signals found in this design

Timing Summary:
---------------
Speed Grade: -3

   Minimum period: 3.708ns (Maximum Frequency: 269.691MHz)
   Minimum input arrival time before clock: 4.104ns
   Maximum output required time after clock: 4.966ns
   Maximum combinational path delay: No path found

Timing Details:
---------------
All values displayed in nanoseconds (ns)

=========================================================================
Timing constraint: Default period analysis for Clock 'clk_P123'
  Clock period: 1.469ns (frequency: 680.735MHz)
  Total number of paths / destination ports: 1 / 1
-------------------------------------------------------------------------
Delay:               1.469ns (Levels of Logic = 1)
  Source:            XLXI_12/XLXI_7/Q (FF)
  Destination:       XLXI_12/XLXI_7/Q (FF)
  Source Clock:      clk_P123 rising
  Destination Clock: clk_P123 rising

  Data Path: XLXI_12/XLXI_7/Q to XLXI_12/XLXI_7/Q
                                Gate     Net
    Cell:in->out      fanout   Delay   Delay  Logical Name (Net Name)
    ----------------------------------------  ------------
     FDCE:C->Q             5   0.447   0.715  Q (Q)
     LUT3:I2->O            1   0.205   0.000  Mmux_Q_Q_MUX_3_o11 (Q_Q_MUX_3_o)
     FDCE:D                    0.102          Q
    ----------------------------------------
    Total                      1.469ns (0.754ns logic, 0.715ns route)
                                       (51.3% logic, 48.7% route)

=========================================================================
Timing constraint: Default period analysis for Clock 'XLXN_7'
  Clock period: 3.708ns (frequency: 269.691MHz)
  Total number of paths / destination ports: 23 / 6
-------------------------------------------------------------------------
Delay:               3.708ns (Levels of Logic = 3)
  Source:            XLXI_8/XLXI_10/Q (FF)
  Destination:       XLXI_8/XLXI_8/Q (FF)
  Source Clock:      XLXN_7 rising
  Destination Clock: XLXN_7 rising

  Data Path: XLXI_8/XLXI_10/Q to XLXI_8/XLXI_8/Q
                                Gate     Net
    Cell:in->out      fanout   Delay   Delay  Logical Name (Net Name)
    ----------------------------------------  ------------
     FDCE:C->Q             8   0.447   1.147  Q (Q)
     end scope: 'XLXI_8/XLXI_10:Q'
     AND2:I1->O            4   0.223   0.788  XLXI_8/XLXI_24 (XLXI_8/XLXN_34)
     begin scope: 'XLXI_8/XLXI_8:J'
     LUT2:I0->O            1   0.203   0.579  _n0008_inv1 (_n0008_inv)
     FDCE:CE                   0.322          Q
    ----------------------------------------
    Total                      3.708ns (1.195ns logic, 2.513ns route)
                                       (32.2% logic, 67.8% route)

=========================================================================
Timing constraint: Default period analysis for Clock 'XLXN_6'
  Clock period: 3.708ns (frequency: 269.691MHz)
  Total number of paths / destination ports: 23 / 6
-------------------------------------------------------------------------
Delay:               3.708ns (Levels of Logic = 3)
  Source:            XLXI_7/XLXI_10/Q (FF)
  Destination:       XLXI_7/XLXI_8/Q (FF)
  Source Clock:      XLXN_6 rising
  Destination Clock: XLXN_6 rising

  Data Path: XLXI_7/XLXI_10/Q to XLXI_7/XLXI_8/Q
                                Gate     Net
    Cell:in->out      fanout   Delay   Delay  Logical Name (Net Name)
    ----------------------------------------  ------------
     FDCE:C->Q             8   0.447   1.147  Q (Q)
     end scope: 'XLXI_7/XLXI_10:Q'
     AND2:I1->O            4   0.223   0.788  XLXI_7/XLXI_24 (XLXI_7/XLXN_34)
     begin scope: 'XLXI_7/XLXI_8:J'
     LUT2:I0->O            1   0.203   0.579  _n0008_inv1 (_n0008_inv)
     FDCE:CE                   0.322          Q
    ----------------------------------------
    Total                      3.708ns (1.195ns logic, 2.513ns route)
                                       (32.2% logic, 67.8% route)

=========================================================================
Timing constraint: Default period analysis for Clock 'XLXN_5'
  Clock period: 3.708ns (frequency: 269.691MHz)
  Total number of paths / destination ports: 23 / 6
-------------------------------------------------------------------------
Delay:               3.708ns (Levels of Logic = 3)
  Source:            XLXI_6/XLXI_10/Q (FF)
  Destination:       XLXI_6/XLXI_8/Q (FF)
  Source Clock:      XLXN_5 rising
  Destination Clock: XLXN_5 rising

  Data Path: XLXI_6/XLXI_10/Q to XLXI_6/XLXI_8/Q
                                Gate     Net
    Cell:in->out      fanout   Delay   Delay  Logical Name (Net Name)
    ----------------------------------------  ------------
     FDCE:C->Q             8   0.447   1.147  Q (Q)
     end scope: 'XLXI_6/XLXI_10:Q'
     AND2:I1->O            4   0.223   0.788  XLXI_6/XLXI_24 (XLXI_6/XLXN_34)
     begin scope: 'XLXI_6/XLXI_8:J'
     LUT2:I0->O            1   0.203   0.579  _n0008_inv1 (_n0008_inv)
     FDCE:CE                   0.322          Q
    ----------------------------------------
    Total                      3.708ns (1.195ns logic, 2.513ns route)
                                       (32.2% logic, 67.8% route)

=========================================================================
Timing constraint: Default period analysis for Clock 'XLXN_4'
  Clock period: 3.708ns (frequency: 269.691MHz)
  Total number of paths / destination ports: 23 / 6
-------------------------------------------------------------------------
Delay:               3.708ns (Levels of Logic = 3)
  Source:            XLXI_5/XLXI_10/Q (FF)
  Destination:       XLXI_5/XLXI_8/Q (FF)
  Source Clock:      XLXN_4 rising
  Destination Clock: XLXN_4 rising

  Data Path: XLXI_5/XLXI_10/Q to XLXI_5/XLXI_8/Q
                                Gate     Net
    Cell:in->out      fanout   Delay   Delay  Logical Name (Net Name)
    ----------------------------------------  ------------
     FDCE:C->Q             8   0.447   1.147  Q (Q)
     end scope: 'XLXI_5/XLXI_10:Q'
     AND2:I1->O            4   0.223   0.788  XLXI_5/XLXI_24 (XLXI_5/XLXN_34)
     begin scope: 'XLXI_5/XLXI_8:J'
     LUT2:I0->O            1   0.203   0.579  _n0008_inv1 (_n0008_inv)
     FDCE:CE                   0.322          Q
    ----------------------------------------
    Total                      3.708ns (1.195ns logic, 2.513ns route)
                                       (32.2% logic, 67.8% route)

=========================================================================
Timing constraint: Default period analysis for Clock 'XLXN_3'
  Clock period: 3.708ns (frequency: 269.691MHz)
  Total number of paths / destination ports: 23 / 6
-------------------------------------------------------------------------
Delay:               3.708ns (Levels of Logic = 3)
  Source:            XLXI_4/XLXI_10/Q (FF)
  Destination:       XLXI_4/XLXI_8/Q (FF)
  Source Clock:      XLXN_3 rising
  Destination Clock: XLXN_3 rising

  Data Path: XLXI_4/XLXI_10/Q to XLXI_4/XLXI_8/Q
                                Gate     Net
    Cell:in->out      fanout   Delay   Delay  Logical Name (Net Name)
    ----------------------------------------  ------------
     FDCE:C->Q             8   0.447   1.147  Q (Q)
     end scope: 'XLXI_4/XLXI_10:Q'
     AND2:I1->O            4   0.223   0.788  XLXI_4/XLXI_24 (XLXI_4/XLXN_34)
     begin scope: 'XLXI_4/XLXI_8:J'
     LUT2:I0->O            1   0.203   0.579  _n0008_inv1 (_n0008_inv)
     FDCE:CE                   0.322          Q
    ----------------------------------------
    Total                      3.708ns (1.195ns logic, 2.513ns route)
                                       (32.2% logic, 67.8% route)

=========================================================================
Timing constraint: Default period analysis for Clock 'XLXN_2'
  Clock period: 3.708ns (frequency: 269.691MHz)
  Total number of paths / destination ports: 23 / 6
-------------------------------------------------------------------------
Delay:               3.708ns (Levels of Logic = 3)
  Source:            XLXI_3/XLXI_10/Q (FF)
  Destination:       XLXI_3/XLXI_8/Q (FF)
  Source Clock:      XLXN_2 rising
  Destination Clock: XLXN_2 rising

  Data Path: XLXI_3/XLXI_10/Q to XLXI_3/XLXI_8/Q
                                Gate     Net
    Cell:in->out      fanout   Delay   Delay  Logical Name (Net Name)
    ----------------------------------------  ------------
     FDCE:C->Q             8   0.447   1.147  Q (Q)
     end scope: 'XLXI_3/XLXI_10:Q'
     AND2:I1->O            4   0.223   0.788  XLXI_3/XLXI_24 (XLXI_3/XLXN_34)
     begin scope: 'XLXI_3/XLXI_8:J'
     LUT2:I0->O            1   0.203   0.579  _n0008_inv1 (_n0008_inv)
     FDCE:CE                   0.322          Q
    ----------------------------------------
    Total                      3.708ns (1.195ns logic, 2.513ns route)
                                       (32.2% logic, 67.8% route)

=========================================================================
Timing constraint: Default period analysis for Clock 'XLXI_12/XLXI_7/Q'
  Clock period: 3.708ns (frequency: 269.691MHz)
  Total number of paths / destination ports: 23 / 6
-------------------------------------------------------------------------
Delay:               3.708ns (Levels of Logic = 3)
  Source:            XLXI_2/XLXI_10/Q (FF)
  Destination:       XLXI_2/XLXI_8/Q (FF)
  Source Clock:      XLXI_12/XLXI_7/Q rising
  Destination Clock: XLXI_12/XLXI_7/Q rising

  Data Path: XLXI_2/XLXI_10/Q to XLXI_2/XLXI_8/Q
                                Gate     Net
    Cell:in->out      fanout   Delay   Delay  Logical Name (Net Name)
    ----------------------------------------  ------------
     FDCE:C->Q             8   0.447   1.147  Q (Q)
     end scope: 'XLXI_2/XLXI_10:Q'
     AND2:I1->O            4   0.223   0.788  XLXI_2/XLXI_24 (XLXI_2/XLXN_34)
     begin scope: 'XLXI_2/XLXI_8:J'
     LUT2:I0->O            1   0.203   0.579  _n0008_inv1 (_n0008_inv)
     FDCE:CE                   0.322          Q
    ----------------------------------------
    Total                      3.708ns (1.195ns logic, 2.513ns route)
                                       (32.2% logic, 67.8% route)

=========================================================================
Timing constraint: Default OFFSET IN BEFORE for Clock 'clk_P123'
  Total number of paths / destination ports: 5 / 3
-------------------------------------------------------------------------
Offset:              4.104ns (Levels of Logic = 3)
  Source:            vc (PAD)
  Destination:       XLXI_12/XLXI_7/Q (FF)
  Destination Clock: clk_P123 rising

  Data Path: vc to XLXI_12/XLXI_7/Q
                                Gate     Net
    Cell:in->out      fanout   Delay   Delay  Logical Name (Net Name)
    ----------------------------------------  ------------
     IBUF:I->O            33   1.222   1.305  vc_IBUF (vc_IBUF)
     INV:I->O              1   0.568   0.579  XLXI_12/XLXI_10 (XLXI_12/dontCLR)
     begin scope: 'XLXI_12/XLXI_7:CLR'
     FDCE:CLR                  0.430          Q
    ----------------------------------------
    Total                      4.104ns (2.220ns logic, 1.884ns route)
                                       (54.1% logic, 45.9% route)

=========================================================================
Timing constraint: Default OFFSET IN BEFORE for Clock 'XLXN_7'
  Total number of paths / destination ports: 8 / 6
-------------------------------------------------------------------------
Offset:              3.736ns (Levels of Logic = 3)
  Source:            vc (PAD)
  Destination:       XLXI_8/XLXI_10/Q (FF)
  Destination Clock: XLXN_7 rising

  Data Path: vc to XLXI_8/XLXI_10/Q
                                Gate     Net
    Cell:in->out      fanout   Delay   Delay  Logical Name (Net Name)
    ----------------------------------------  ------------
     IBUF:I->O            33   1.222   1.410  vc_IBUF (vc_IBUF)
     begin scope: 'XLXI_8/XLXI_10:J'
     LUT2:I0->O            1   0.203   0.579  _n0008_inv1 (_n0008_inv)
     FDCE:CE                   0.322          Q
    ----------------------------------------
    Total                      3.736ns (1.747ns logic, 1.989ns route)
                                       (46.8% logic, 53.2% route)

=========================================================================
Timing constraint: Default OFFSET IN BEFORE for Clock 'XLXN_6'
  Total number of paths / destination ports: 8 / 6
-------------------------------------------------------------------------
Offset:              3.736ns (Levels of Logic = 3)
  Source:            vc (PAD)
  Destination:       XLXI_7/XLXI_10/Q (FF)
  Destination Clock: XLXN_6 rising

  Data Path: vc to XLXI_7/XLXI_10/Q
                                Gate     Net
    Cell:in->out      fanout   Delay   Delay  Logical Name (Net Name)
    ----------------------------------------  ------------
     IBUF:I->O            33   1.222   1.410  vc_IBUF (vc_IBUF)
     begin scope: 'XLXI_7/XLXI_10:J'
     LUT2:I0->O            1   0.203   0.579  _n0008_inv1 (_n0008_inv)
     FDCE:CE                   0.322          Q
    ----------------------------------------
    Total                      3.736ns (1.747ns logic, 1.989ns route)
                                       (46.8% logic, 53.2% route)

=========================================================================
Timing constraint: Default OFFSET IN BEFORE for Clock 'XLXN_5'
  Total number of paths / destination ports: 8 / 6
-------------------------------------------------------------------------
Offset:              3.736ns (Levels of Logic = 3)
  Source:            vc (PAD)
  Destination:       XLXI_6/XLXI_10/Q (FF)
  Destination Clock: XLXN_5 rising

  Data Path: vc to XLXI_6/XLXI_10/Q
                                Gate     Net
    Cell:in->out      fanout   Delay   Delay  Logical Name (Net Name)
    ----------------------------------------  ------------
     IBUF:I->O            33   1.222   1.410  vc_IBUF (vc_IBUF)
     begin scope: 'XLXI_6/XLXI_10:J'
     LUT2:I0->O            1   0.203   0.579  _n0008_inv1 (_n0008_inv)
     FDCE:CE                   0.322          Q
    ----------------------------------------
    Total                      3.736ns (1.747ns logic, 1.989ns route)
                                       (46.8% logic, 53.2% route)

=========================================================================
Timing constraint: Default OFFSET IN BEFORE for Clock 'XLXN_4'
  Total number of paths / destination ports: 8 / 6
-------------------------------------------------------------------------
Offset:              3.736ns (Levels of Logic = 3)
  Source:            vc (PAD)
  Destination:       XLXI_5/XLXI_10/Q (FF)
  Destination Clock: XLXN_4 rising

  Data Path: vc to XLXI_5/XLXI_10/Q
                                Gate     Net
    Cell:in->out      fanout   Delay   Delay  Logical Name (Net Name)
    ----------------------------------------  ------------
     IBUF:I->O            33   1.222   1.410  vc_IBUF (vc_IBUF)
     begin scope: 'XLXI_5/XLXI_10:J'
     LUT2:I0->O            1   0.203   0.579  _n0008_inv1 (_n0008_inv)
     FDCE:CE                   0.322          Q
    ----------------------------------------
    Total                      3.736ns (1.747ns logic, 1.989ns route)
                                       (46.8% logic, 53.2% route)

=========================================================================
Timing constraint: Default OFFSET IN BEFORE for Clock 'XLXN_3'
  Total number of paths / destination ports: 8 / 6
-------------------------------------------------------------------------
Offset:              3.736ns (Levels of Logic = 3)
  Source:            vc (PAD)
  Destination:       XLXI_4/XLXI_10/Q (FF)
  Destination Clock: XLXN_3 rising

  Data Path: vc to XLXI_4/XLXI_10/Q
                                Gate     Net
    Cell:in->out      fanout   Delay   Delay  Logical Name (Net Name)
    ----------------------------------------  ------------
     IBUF:I->O            33   1.222   1.410  vc_IBUF (vc_IBUF)
     begin scope: 'XLXI_4/XLXI_10:J'
     LUT2:I0->O            1   0.203   0.579  _n0008_inv1 (_n0008_inv)
     FDCE:CE                   0.322          Q
    ----------------------------------------
    Total                      3.736ns (1.747ns logic, 1.989ns route)
                                       (46.8% logic, 53.2% route)

=========================================================================
Timing constraint: Default OFFSET IN BEFORE for Clock 'XLXN_2'
  Total number of paths / destination ports: 8 / 6
-------------------------------------------------------------------------
Offset:              3.736ns (Levels of Logic = 3)
  Source:            vc (PAD)
  Destination:       XLXI_3/XLXI_10/Q (FF)
  Destination Clock: XLXN_2 rising

  Data Path: vc to XLXI_3/XLXI_10/Q
                                Gate     Net
    Cell:in->out      fanout   Delay   Delay  Logical Name (Net Name)
    ----------------------------------------  ------------
     IBUF:I->O            33   1.222   1.410  vc_IBUF (vc_IBUF)
     begin scope: 'XLXI_3/XLXI_10:J'
     LUT2:I0->O            1   0.203   0.579  _n0008_inv1 (_n0008_inv)
     FDCE:CE                   0.322          Q
    ----------------------------------------
    Total                      3.736ns (1.747ns logic, 1.989ns route)
                                       (46.8% logic, 53.2% route)

=========================================================================
Timing constraint: Default OFFSET IN BEFORE for Clock 'XLXI_12/XLXI_7/Q'
  Total number of paths / destination ports: 8 / 6
-------------------------------------------------------------------------
Offset:              3.736ns (Levels of Logic = 3)
  Source:            vc (PAD)
  Destination:       XLXI_2/XLXI_10/Q (FF)
  Destination Clock: XLXI_12/XLXI_7/Q rising

  Data Path: vc to XLXI_2/XLXI_10/Q
                                Gate     Net
    Cell:in->out      fanout   Delay   Delay  Logical Name (Net Name)
    ----------------------------------------  ------------
     IBUF:I->O            33   1.222   1.410  vc_IBUF (vc_IBUF)
     begin scope: 'XLXI_2/XLXI_10:J'
     LUT2:I0->O            1   0.203   0.579  _n0008_inv1 (_n0008_inv)
     FDCE:CE                   0.322          Q
    ----------------------------------------
    Total                      3.736ns (1.747ns logic, 1.989ns route)
                                       (46.8% logic, 53.2% route)

=========================================================================
Timing constraint: Default OFFSET OUT AFTER for Clock 'XLXN_7'
  Total number of paths / destination ports: 2 / 1
-------------------------------------------------------------------------
Offset:              4.966ns (Levels of Logic = 3)
  Source:            XLXI_8/XLXI_10/Q (FF)
  Destination:       LED0_P82 (PAD)
  Source Clock:      XLXN_7 rising

  Data Path: XLXI_8/XLXI_10/Q to LED0_P82
                                Gate     Net
    Cell:in->out      fanout   Delay   Delay  Logical Name (Net Name)
    ----------------------------------------  ------------
     FDCE:C->Q             8   0.447   1.167  Q (Q)
     end scope: 'XLXI_8/XLXI_10:Q'
     AND2:I0->O            1   0.203   0.579  XLXI_8/XLXI_28 (LED0_P82_OBUF)
     OBUF:I->O                 2.571          LED0_P82_OBUF (LED0_P82)
    ----------------------------------------
    Total                      4.966ns (3.221ns logic, 1.745ns route)
                                       (64.9% logic, 35.1% route)

=========================================================================

Cross Clock Domains Report:
--------------------------

Clock to Setup on destination clock XLXI_12/XLXI_7/Q
----------------+---------+---------+---------+---------+
                | Src:Rise| Src:Fall| Src:Rise| Src:Fall|
Source Clock    |Dest:Rise|Dest:Rise|Dest:Fall|Dest:Fall|
----------------+---------+---------+---------+---------+
XLXI_12/XLXI_7/Q|    3.708|         |         |         |
----------------+---------+---------+---------+---------+

Clock to Setup on destination clock XLXN_2
---------------+---------+---------+---------+---------+
               | Src:Rise| Src:Fall| Src:Rise| Src:Fall|
Source Clock   |Dest:Rise|Dest:Rise|Dest:Fall|Dest:Fall|
---------------+---------+---------+---------+---------+
XLXN_2         |    3.708|         |         |         |
---------------+---------+---------+---------+---------+

Clock to Setup on destination clock XLXN_3
---------------+---------+---------+---------+---------+
               | Src:Rise| Src:Fall| Src:Rise| Src:Fall|
Source Clock   |Dest:Rise|Dest:Rise|Dest:Fall|Dest:Fall|
---------------+---------+---------+---------+---------+
XLXN_3         |    3.708|         |         |         |
---------------+---------+---------+---------+---------+

Clock to Setup on destination clock XLXN_4
---------------+---------+---------+---------+---------+
               | Src:Rise| Src:Fall| Src:Rise| Src:Fall|
Source Clock   |Dest:Rise|Dest:Rise|Dest:Fall|Dest:Fall|
---------------+---------+---------+---------+---------+
XLXN_4         |    3.708|         |         |         |
---------------+---------+---------+---------+---------+

Clock to Setup on destination clock XLXN_5
---------------+---------+---------+---------+---------+
               | Src:Rise| Src:Fall| Src:Rise| Src:Fall|
Source Clock   |Dest:Rise|Dest:Rise|Dest:Fall|Dest:Fall|
---------------+---------+---------+---------+---------+
XLXN_5         |    3.708|         |         |         |
---------------+---------+---------+---------+---------+

Clock to Setup on destination clock XLXN_6
---------------+---------+---------+---------+---------+
               | Src:Rise| Src:Fall| Src:Rise| Src:Fall|
Source Clock   |Dest:Rise|Dest:Rise|Dest:Fall|Dest:Fall|
---------------+---------+---------+---------+---------+
XLXN_6         |    3.708|         |         |         |
---------------+---------+---------+---------+---------+

Clock to Setup on destination clock XLXN_7
---------------+---------+---------+---------+---------+
               | Src:Rise| Src:Fall| Src:Rise| Src:Fall|
Source Clock   |Dest:Rise|Dest:Rise|Dest:Fall|Dest:Fall|
---------------+---------+---------+---------+---------+
XLXN_7         |    3.708|         |         |         |
---------------+---------+---------+---------+---------+

Clock to Setup on destination clock clk_P123
---------------+---------+---------+---------+---------+
               | Src:Rise| Src:Fall| Src:Rise| Src:Fall|
Source Clock   |Dest:Rise|Dest:Rise|Dest:Fall|Dest:Fall|
---------------+---------+---------+---------+---------+
clk_P123       |    1.469|         |         |         |
---------------+---------+---------+---------+---------+

=========================================================================


Total REAL time to Xst completion: 5.00 secs
Total CPU time to Xst completion: 4.99 secs
 
--> 

Total memory usage is 4486288 kilobytes

Number of errors   :    0 (   0 filtered)
Number of warnings :    0 (   0 filtered)
Number of infos    :   29 (   0 filtered)

