--------------------------------------------------------------------------------
Release 14.7 Trace  (nt64)
Copyright (c) 1995-2013 Xilinx, Inc.  All rights reserved.

D:\14.7\ISE_DS\ISE\bin\nt64\unwrapped\trce.exe -intstyle ise -v 3 -s 3 -n 3
-fastpaths -xml Lab9_4bitTo8led.twx Lab9_4bitTo8led.ncd -o Lab9_4bitTo8led.twr
Lab9_4bitTo8led.pcf -ucf Lab9_4bitTo8led.ucf

Design file:              Lab9_4bitTo8led.ncd
Physical constraint file: Lab9_4bitTo8led.pcf
Device,package,speed:     xc6slx9,tqg144,C,-3 (PRODUCTION 1.23 2013-10-13)
Report level:             verbose report

Environment Variable      Effect 
--------------------      ------ 
NONE                      No environment variables were set
--------------------------------------------------------------------------------

INFO:Timing:2698 - No timing constraints found, doing default enumeration.
INFO:Timing:3412 - To improve timing, see the Timing Closure User Guide (UG612).
INFO:Timing:2752 - To get complete path coverage, use the unconstrained paths 
   option. All paths that are not constrained will be reported in the 
   unconstrained paths section(s) of the report.
INFO:Timing:3339 - The clock-to-out numbers in this timing report are based on 
   a 50 Ohm transmission line loading model.  For the details of this model, 
   and for more information on accounting for different loading conditions, 
   please see the device datasheet.



Data Sheet report:
-----------------
All values displayed in nanoseconds (ns)

Pad to Pad
---------------+---------------+---------+
Source Pad     |Destination Pad|  Delay  |
---------------+---------------+---------+
D0             |L0             |    8.145|
D0             |L2             |    7.411|
D0             |L4             |    7.393|
D0             |L6             |    6.194|
D1             |L0             |    8.073|
D1             |L1             |    7.553|
D1             |L2             |    7.731|
D1             |L4             |    7.266|
D1             |L5             |    6.164|
D1             |L6             |    6.050|
D2             |L0             |    8.085|
D2             |L1             |    7.659|
D2             |L2             |    7.416|
D2             |L3             |    7.123|
D2             |L4             |    6.907|
D2             |L5             |    5.959|
D2             |L6             |    5.829|
D3             |L0             |    8.518|
D3             |L1             |    7.539|
D3             |L2             |    7.900|
D3             |L3             |    7.668|
D3             |L4             |    7.738|
D3             |L5             |    6.883|
D3             |L6             |    6.511|
D3             |L7             |    5.775|
---------------+---------------+---------+


Analysis completed Wed Sep 20 20:05:50 2023 
--------------------------------------------------------------------------------

Trace Settings:
-------------------------
Trace Settings 

Peak Memory Usage: 4554 MB



