Release 14.7 - xst P.20131013 (nt64)
Copyright (c) 1995-2013 Xilinx, Inc.  All rights reserved.
--> Parameter TMPDIR set to xst/projnav.tmp


Total REAL time to Xst completion: 0.00 secs
Total CPU time to Xst completion: 0.10 secs
 
--> Parameter xsthdpdir set to xst


Total REAL time to Xst completion: 0.00 secs
Total CPU time to Xst completion: 0.10 secs
 
--> Reading design: Mod10.prj

TABLE OF CONTENTS
  1) Synthesis Options Summary
  2) HDL Parsing
  3) HDL Elaboration
  4) HDL Synthesis
       4.1) HDL Synthesis Report
  5) Advanced HDL Synthesis
       5.1) Advanced HDL Synthesis Report
  6) Low Level Synthesis
  7) Partition Report
  8) Design Summary
       8.1) Primitive and Black Box Usage
       8.2) Device utilization summary
       8.3) Partition Resource Summary
       8.4) Timing Report
            8.4.1) Clock Information
            8.4.2) Asynchronous Control Signals Information
            8.4.3) Timing Summary
            8.4.4) Timing Details
            8.4.5) Cross Clock Domains Report


=========================================================================
*                      Synthesis Options Summary                        *
=========================================================================
---- Source Parameters
Input File Name                    : "Mod10.prj"
Ignore Synthesis Constraint File   : NO

---- Target Parameters
Output File Name                   : "Mod10"
Output Format                      : NGC
Target Device                      : xc6slx9-3-tqg144

---- Source Options
Top Module Name                    : Mod10
Automatic FSM Extraction           : YES
FSM Encoding Algorithm             : Auto
Safe Implementation                : No
FSM Style                          : LUT
RAM Extraction                     : Yes
RAM Style                          : Auto
ROM Extraction                     : Yes
Shift Register Extraction          : YES
ROM Style                          : Auto
Resource Sharing                   : YES
Asynchronous To Synchronous        : NO
Shift Register Minimum Size        : 2
Use DSP Block                      : Auto
Automatic Register Balancing       : No

---- Target Options
LUT Combining                      : Auto
Reduce Control Sets                : Auto
Add IO Buffers                     : YES
Global Maximum Fanout              : 100000
Add Generic Clock Buffer(BUFG)     : 16
Register Duplication               : YES
Optimize Instantiated Primitives   : NO
Use Clock Enable                   : Auto
Use Synchronous Set                : Auto
Use Synchronous Reset              : Auto
Pack IO Registers into IOBs        : Auto
Equivalent register Removal        : YES

---- General Options
Optimization Goal                  : Speed
Optimization Effort                : 1
Power Reduction                    : NO
Keep Hierarchy                     : No
Netlist Hierarchy                  : As_Optimized
RTL Output                         : Yes
Global Optimization                : AllClockNets
Read Cores                         : YES
Write Timing Constraints           : NO
Cross Clock Analysis               : NO
Hierarchy Separator                : /
Bus Delimiter                      : <>
Case Specifier                     : Maintain
Slice Utilization Ratio            : 100
BRAM Utilization Ratio             : 100
DSP48 Utilization Ratio            : 100
Auto BRAM Packing                  : NO
Slice Utilization Ratio Delta      : 5

=========================================================================


=========================================================================
*                          HDL Parsing                                  *
=========================================================================
Analyzing Verilog file "C:\Users\natta\OneDrive\Desktop\Digital\Lab6\Circuit\Mod\Mod10\Mod10.vf" into library work
Parsing module <FJKC_HXILINX_Mod10>.
Parsing module <Mod10>.

=========================================================================
*                            HDL Elaboration                            *
=========================================================================

Elaborating module <Mod10>.

Elaborating module <FJKC_HXILINX_Mod10>.

Elaborating module <INV>.

Elaborating module <AND3>.

Elaborating module <AND2>.

=========================================================================
*                           HDL Synthesis                               *
=========================================================================

Synthesizing Unit <Mod10>.
    Related source file is "C:\Users\natta\OneDrive\Desktop\Digital\Lab6\Circuit\Mod\Mod10\Mod10.vf".
    Set property "HU_SET = XLXI_7_0" for instance <XLXI_7>.
    Set property "HU_SET = XLXI_8_1" for instance <XLXI_8>.
    Set property "HU_SET = XLXI_9_2" for instance <XLXI_9>.
    Set property "HU_SET = XLXI_10_3" for instance <XLXI_10>.
    Summary:
	no macro.
Unit <Mod10> synthesized.

Synthesizing Unit <FJKC_HXILINX_Mod10>.
    Related source file is "C:\Users\natta\OneDrive\Desktop\Digital\Lab6\Circuit\Mod\Mod10\Mod10.vf".
        INIT = 1'b0
    Found 1-bit register for signal <Q>.
    Summary:
	inferred   1 D-type flip-flop(s).
	inferred   2 Multiplexer(s).
Unit <FJKC_HXILINX_Mod10> synthesized.

=========================================================================
HDL Synthesis Report

Macro Statistics
# Registers                                            : 4
 1-bit register                                        : 4
# Multiplexers                                         : 8
 1-bit 2-to-1 multiplexer                              : 8

=========================================================================

=========================================================================
*                       Advanced HDL Synthesis                          *
=========================================================================


=========================================================================
Advanced HDL Synthesis Report

Macro Statistics
# Registers                                            : 4
 Flip-Flops                                            : 4
# Multiplexers                                         : 8
 1-bit 2-to-1 multiplexer                              : 8

=========================================================================

=========================================================================
*                         Low Level Synthesis                           *
=========================================================================

Optimizing unit <Mod10> ...

Optimizing unit <FJKC_HXILINX_Mod10> ...

Mapping all equations...
Building and optimizing final netlist ...
Found area constraint ratio of 100 (+ 5) on block Mod10, actual ratio is 0.

Final Macro Processing ...

=========================================================================
Final Register Report

Macro Statistics
# Registers                                            : 4
 Flip-Flops                                            : 4

=========================================================================

=========================================================================
*                           Partition Report                            *
=========================================================================

Partition Implementation Status
-------------------------------

  No Partitions were found in this design.

-------------------------------

=========================================================================
*                            Design Summary                             *
=========================================================================

Top Level Output File Name         : Mod10.ngc

Primitive and Black Box Usage:
------------------------------
# BELS                             : 12
#      AND2                        : 3
#      AND3                        : 1
#      INV                         : 1
#      LUT2                        : 3
#      LUT3                        : 4
# FlipFlops/Latches                : 4
#      FDC                         : 1
#      FDCE                        : 3
# Clock Buffers                    : 1
#      BUFGP                       : 1
# IO Buffers                       : 7
#      IBUF                        : 2
#      OBUF                        : 5

Device utilization summary:
---------------------------

Selected Device : 6slx9tqg144-3 


Slice Logic Utilization: 
 Number of Slice Registers:               4  out of  11440     0%  
 Number of Slice LUTs:                    8  out of   5720     0%  
    Number used as Logic:                 8  out of   5720     0%  

Slice Logic Distribution: 
 Number of LUT Flip Flop pairs used:     12
   Number with an unused Flip Flop:       8  out of     12    66%  
   Number with an unused LUT:             4  out of     12    33%  
   Number of fully used LUT-FF pairs:     0  out of     12     0%  
   Number of unique control sets:         4

IO Utilization: 
 Number of IOs:                           8
 Number of bonded IOBs:                   8  out of    102     7%  

Specific Feature Utilization:
 Number of BUFG/BUFGCTRLs:                1  out of     16     6%  

---------------------------
Partition Resource Summary:
---------------------------

  No Partitions were found in this design.

---------------------------


=========================================================================
Timing Report

NOTE: THESE TIMING NUMBERS ARE ONLY A SYNTHESIS ESTIMATE.
      FOR ACCURATE TIMING INFORMATION PLEASE REFER TO THE TRACE REPORT
      GENERATED AFTER PLACE-and-ROUTE.

Clock Information:
------------------
-----------------------------------+------------------------+-------+
Clock Signal                       | Clock buffer(FF name)  | Load  |
-----------------------------------+------------------------+-------+
PB2_P46                            | BUFGP                  | 4     |
-----------------------------------+------------------------+-------+

Asynchronous Control Signals Information:
----------------------------------------
No asynchronous control signals found in this design

Timing Summary:
---------------
Speed Grade: -3

   Minimum period: 3.735ns (Maximum Frequency: 267.727MHz)
   Minimum input arrival time before clock: 3.113ns
   Maximum output required time after clock: 4.994ns
   Maximum combinational path delay: No path found

Timing Details:
---------------
All values displayed in nanoseconds (ns)

=========================================================================
Timing constraint: Default period analysis for Clock 'PB2_P46'
  Clock period: 3.735ns (frequency: 267.727MHz)
  Total number of paths / destination ports: 23 / 6
-------------------------------------------------------------------------
Delay:               3.735ns (Levels of Logic = 3)
  Source:            XLXI_10/Q (FF)
  Destination:       XLXI_8/Q (FF)
  Source Clock:      PB2_P46 rising
  Destination Clock: PB2_P46 rising

  Data Path: XLXI_10/Q to XLXI_8/Q
                                Gate     Net
    Cell:in->out      fanout   Delay   Delay  Logical Name (Net Name)
    ----------------------------------------  ------------
     FDCE:C->Q             9   0.447   1.174  Q (Q)
     end scope: 'XLXI_10:Q'
     AND2:I1->O            4   0.223   0.788  XLXI_24 (XLXN_34)
     begin scope: 'XLXI_8:J'
     LUT2:I0->O            1   0.203   0.579  _n0008_inv1 (_n0008_inv)
     FDCE:CE                   0.322          Q
    ----------------------------------------
    Total                      3.735ns (1.195ns logic, 2.540ns route)
                                       (32.0% logic, 68.0% route)

=========================================================================
Timing constraint: Default OFFSET IN BEFORE for Clock 'PB2_P46'
  Total number of paths / destination ports: 8 / 6
-------------------------------------------------------------------------
Offset:              3.113ns (Levels of Logic = 3)
  Source:            vccLine (PAD)
  Destination:       XLXI_10/Q (FF)
  Destination Clock: PB2_P46 rising

  Data Path: vccLine to XLXI_10/Q
                                Gate     Net
    Cell:in->out      fanout   Delay   Delay  Logical Name (Net Name)
    ----------------------------------------  ------------
     IBUF:I->O             4   1.222   0.788  vccLine_IBUF (vccLine_IBUF)
     begin scope: 'XLXI_10:J'
     LUT2:I0->O            1   0.203   0.579  _n0008_inv1 (_n0008_inv)
     FDCE:CE                   0.322          Q
    ----------------------------------------
    Total                      3.113ns (1.747ns logic, 1.366ns route)
                                       (56.1% logic, 43.9% route)

=========================================================================
Timing constraint: Default OFFSET OUT AFTER for Clock 'PB2_P46'
  Total number of paths / destination ports: 6 / 5
-------------------------------------------------------------------------
Offset:              4.994ns (Levels of Logic = 3)
  Source:            XLXI_10/Q (FF)
  Destination:       out10 (PAD)
  Source Clock:      PB2_P46 rising

  Data Path: XLXI_10/Q to out10
                                Gate     Net
    Cell:in->out      fanout   Delay   Delay  Logical Name (Net Name)
    ----------------------------------------  ------------
     FDCE:C->Q             9   0.447   1.194  Q (Q)
     end scope: 'XLXI_10:Q'
     AND2:I0->O            1   0.203   0.579  XLXI_28 (out10_OBUF)
     OBUF:I->O                 2.571          out10_OBUF (out10)
    ----------------------------------------
    Total                      4.994ns (3.221ns logic, 1.773ns route)
                                       (64.5% logic, 35.5% route)

=========================================================================

Cross Clock Domains Report:
--------------------------

Clock to Setup on destination clock PB2_P46
---------------+---------+---------+---------+---------+
               | Src:Rise| Src:Fall| Src:Rise| Src:Fall|
Source Clock   |Dest:Rise|Dest:Rise|Dest:Fall|Dest:Fall|
---------------+---------+---------+---------+---------+
PB2_P46        |    3.735|         |         |         |
---------------+---------+---------+---------+---------+

=========================================================================


Total REAL time to Xst completion: 4.00 secs
Total CPU time to Xst completion: 4.49 secs
 
--> 

Total memory usage is 4486288 kilobytes

Number of errors   :    0 (   0 filtered)
Number of warnings :    0 (   0 filtered)
Number of infos    :    0 (   0 filtered)

