Release 14.7 - xst P.20131013 (nt64)
Copyright (c) 1995-2013 Xilinx, Inc.  All rights reserved.
--> Parameter TMPDIR set to xst/projnav.tmp


Total REAL time to Xst completion: 0.00 secs
Total CPU time to Xst completion: 0.15 secs
 
--> Parameter xsthdpdir set to xst


Total REAL time to Xst completion: 0.00 secs
Total CPU time to Xst completion: 0.15 secs
 
--> Reading design: Lab8_2counter2.prj

TABLE OF CONTENTS
  1) Synthesis Options Summary
  2) HDL Parsing
  3) HDL Elaboration
  4) HDL Synthesis
       4.1) HDL Synthesis Report
  5) Advanced HDL Synthesis
       5.1) Advanced HDL Synthesis Report
  6) Low Level Synthesis
  7) Partition Report
  8) Design Summary
       8.1) Primitive and Black Box Usage
       8.2) Device utilization summary
       8.3) Partition Resource Summary
       8.4) Timing Report
            8.4.1) Clock Information
            8.4.2) Asynchronous Control Signals Information
            8.4.3) Timing Summary
            8.4.4) Timing Details
            8.4.5) Cross Clock Domains Report


=========================================================================
*                      Synthesis Options Summary                        *
=========================================================================
---- Source Parameters
Input File Name                    : "Lab8_2counter2.prj"
Ignore Synthesis Constraint File   : NO

---- Target Parameters
Output File Name                   : "Lab8_2counter2"
Output Format                      : NGC
Target Device                      : xc6slx9-3-tqg144

---- Source Options
Top Module Name                    : Lab8_2counter2
Automatic FSM Extraction           : YES
FSM Encoding Algorithm             : Auto
Safe Implementation                : No
FSM Style                          : LUT
RAM Extraction                     : Yes
RAM Style                          : Auto
ROM Extraction                     : Yes
Shift Register Extraction          : YES
ROM Style                          : Auto
Resource Sharing                   : YES
Asynchronous To Synchronous        : NO
Shift Register Minimum Size        : 2
Use DSP Block                      : Auto
Automatic Register Balancing       : No

---- Target Options
LUT Combining                      : Auto
Reduce Control Sets                : Auto
Add IO Buffers                     : YES
Global Maximum Fanout              : 100000
Add Generic Clock Buffer(BUFG)     : 16
Register Duplication               : YES
Optimize Instantiated Primitives   : NO
Use Clock Enable                   : Auto
Use Synchronous Set                : Auto
Use Synchronous Reset              : Auto
Pack IO Registers into IOBs        : Auto
Equivalent register Removal        : YES

---- General Options
Optimization Goal                  : Speed
Optimization Effort                : 1
Power Reduction                    : NO
Keep Hierarchy                     : No
Netlist Hierarchy                  : As_Optimized
RTL Output                         : Yes
Global Optimization                : AllClockNets
Read Cores                         : YES
Write Timing Constraints           : NO
Cross Clock Analysis               : NO
Hierarchy Separator                : /
Bus Delimiter                      : <>
Case Specifier                     : Maintain
Slice Utilization Ratio            : 100
BRAM Utilization Ratio             : 100
DSP48 Utilization Ratio            : 100
Auto BRAM Packing                  : NO
Slice Utilization Ratio Delta      : 5

=========================================================================


=========================================================================
*                          HDL Parsing                                  *
=========================================================================
Analyzing Verilog file "C:\Users\natta\OneDrive\Desktop\1_2566\Digital\Lab8\Lab8_2Counter2\SevenSig.vf" into library work
Parsing module <OR6_HXILINX_SevenSig>.
Parsing module <SevenSig>.
Analyzing Verilog file "C:\Users\natta\OneDrive\Desktop\1_2566\Digital\Lab8\Lab8_2Counter2\Mod2.vf" into library work
Parsing module <Mod2>.
Analyzing Verilog file "C:\Users\natta\OneDrive\Desktop\1_2566\Digital\Lab8\Lab8_2Counter2\Mod10.vf" into library work
Parsing module <FJKC_HXILINX_Mod10>.
Parsing module <Mod10>.
Analyzing Verilog file "C:\Users\natta\OneDrive\Desktop\1_2566\Digital\Lab8\Lab8_2Counter2\Lab8_2counter2.vf" into library work
Parsing module <OR6_HXILINX_Lab8_2counter2>.
Parsing module <FJKC_HXILINX_Lab8_2counter2>.
Parsing module <FJKP_HXILINX_Lab8_2counter2>.
Parsing module <Mod10_MUSER_Lab8_2counter2>.
Parsing module <Mod2_MUSER_Lab8_2counter2>.
Parsing module <SevenSig_MUSER_Lab8_2counter2>.
Parsing module <Lab8_2counter2>.

=========================================================================
*                            HDL Elaboration                            *
=========================================================================

Elaborating module <Lab8_2counter2>.

Elaborating module <INV>.

Elaborating module <FJKC_HXILINX_Lab8_2counter2>.

Elaborating module <AND3>.

Elaborating module <AND2>.

Elaborating module <OR2>.

Elaborating module <VCC>.

Elaborating module <SevenSig_MUSER_Lab8_2counter2>.

Elaborating module <OR6_HXILINX_Lab8_2counter2>.

Elaborating module <BUF>.

Elaborating module <OR5>.

Elaborating module <OR4>.

Elaborating module <GND>.

Elaborating module <FJKP_HXILINX_Lab8_2counter2>.

Elaborating module <Mod2_MUSER_Lab8_2counter2>.

Elaborating module <FD(INIT=1'b0)>.

Elaborating module <Mod10_MUSER_Lab8_2counter2>.

=========================================================================
*                           HDL Synthesis                               *
=========================================================================

Synthesizing Unit <Lab8_2counter2>.
    Related source file is "C:\Users\natta\OneDrive\Desktop\1_2566\Digital\Lab8\Lab8_2Counter2\Lab8_2counter2.vf".
    Set property "HU_SET = XLXI_5_5" for instance <XLXI_5>.
    Set property "HU_SET = XLXI_13_6" for instance <XLXI_13>.
    Set property "HU_SET = XLXI_15_7" for instance <XLXI_15>.
    Set property "HU_SET = XLXI_89_8" for instance <XLXI_89>.
    Summary:
	no macro.
Unit <Lab8_2counter2> synthesized.

Synthesizing Unit <FJKC_HXILINX_Lab8_2counter2>.
    Related source file is "C:\Users\natta\OneDrive\Desktop\1_2566\Digital\Lab8\Lab8_2Counter2\Lab8_2counter2.vf".
        INIT = 1'b0
    Found 1-bit register for signal <Q>.
    Summary:
	inferred   1 D-type flip-flop(s).
	inferred   2 Multiplexer(s).
Unit <FJKC_HXILINX_Lab8_2counter2> synthesized.

Synthesizing Unit <SevenSig_MUSER_Lab8_2counter2>.
    Related source file is "C:\Users\natta\OneDrive\Desktop\1_2566\Digital\Lab8\Lab8_2Counter2\Lab8_2counter2.vf".
    Set property "HU_SET = XLXI_1_4" for instance <XLXI_1>.
    Summary:
	no macro.
Unit <SevenSig_MUSER_Lab8_2counter2> synthesized.

Synthesizing Unit <OR6_HXILINX_Lab8_2counter2>.
    Related source file is "C:\Users\natta\OneDrive\Desktop\1_2566\Digital\Lab8\Lab8_2Counter2\Lab8_2counter2.vf".
    Summary:
	no macro.
Unit <OR6_HXILINX_Lab8_2counter2> synthesized.

Synthesizing Unit <FJKP_HXILINX_Lab8_2counter2>.
    Related source file is "C:\Users\natta\OneDrive\Desktop\1_2566\Digital\Lab8\Lab8_2Counter2\Lab8_2counter2.vf".
        INIT = 1'b1
    Found 1-bit register for signal <Q>.
    Summary:
	inferred   1 D-type flip-flop(s).
	inferred   2 Multiplexer(s).
Unit <FJKP_HXILINX_Lab8_2counter2> synthesized.

Synthesizing Unit <Mod2_MUSER_Lab8_2counter2>.
    Related source file is "C:\Users\natta\OneDrive\Desktop\1_2566\Digital\Lab8\Lab8_2Counter2\Lab8_2counter2.vf".
    Summary:
	no macro.
Unit <Mod2_MUSER_Lab8_2counter2> synthesized.

Synthesizing Unit <Mod10_MUSER_Lab8_2counter2>.
    Related source file is "C:\Users\natta\OneDrive\Desktop\1_2566\Digital\Lab8\Lab8_2Counter2\Lab8_2counter2.vf".
    Set property "HU_SET = XLXI_1_1" for instance <XLXI_1>.
    Set property "HU_SET = XLXI_2_0" for instance <XLXI_2>.
    Set property "HU_SET = XLXI_3_2" for instance <XLXI_3>.
    Set property "HU_SET = XLXI_11_3" for instance <XLXI_11>.
    Summary:
	no macro.
Unit <Mod10_MUSER_Lab8_2counter2> synthesized.

=========================================================================
HDL Synthesis Report

Macro Statistics
# Registers                                            : 32
 1-bit register                                        : 32
# Multiplexers                                         : 64
 1-bit 2-to-1 multiplexer                              : 64

=========================================================================

=========================================================================
*                       Advanced HDL Synthesis                          *
=========================================================================


=========================================================================
Advanced HDL Synthesis Report

Macro Statistics
# Registers                                            : 33
 Flip-Flops                                            : 33
# Multiplexers                                         : 64
 1-bit 2-to-1 multiplexer                              : 64

=========================================================================

=========================================================================
*                         Low Level Synthesis                           *
=========================================================================

Optimizing unit <Lab8_2counter2> ...

Optimizing unit <Mod10_MUSER_Lab8_2counter2> ...

Optimizing unit <SevenSig_MUSER_Lab8_2counter2> ...

Optimizing unit <FJKC_HXILINX_Lab8_2counter2> ...

Optimizing unit <FJKP_HXILINX_Lab8_2counter2> ...

Optimizing unit <OR6_HXILINX_Lab8_2counter2> ...

Mapping all equations...
Building and optimizing final netlist ...
Found area constraint ratio of 100 (+ 5) on block Lab8_2counter2, actual ratio is 0.

Final Macro Processing ...

=========================================================================
Final Register Report

Macro Statistics
# Registers                                            : 33
 Flip-Flops                                            : 33

=========================================================================

=========================================================================
*                           Partition Report                            *
=========================================================================

Partition Implementation Status
-------------------------------

  No Partitions were found in this design.

-------------------------------

=========================================================================
*                            Design Summary                             *
=========================================================================

Top Level Output File Name         : Lab8_2counter2.ngc

Primitive and Black Box Usage:
------------------------------
# BELS                             : 159
#      AND2                        : 56
#      AND3                        : 13
#      BUF                         : 4
#      GND                         : 1
#      INV                         : 27
#      LUT2                        : 15
#      LUT3                        : 24
#      LUT6                        : 1
#      OR2                         : 11
#      OR4                         : 1
#      OR5                         : 5
#      VCC                         : 1
# FlipFlops/Latches                : 33
#      FD                          : 1
#      FDC                         : 16
#      FDCE                        : 15
#      FDP                         : 1
# Clock Buffers                    : 1
#      BUFGP                       : 1
# IO Buffers                       : 15
#      OBUF                        : 15

Device utilization summary:
---------------------------

Selected Device : 6slx9tqg144-3 


Slice Logic Utilization: 
 Number of Slice Registers:              33  out of  11440     0%  
 Number of Slice LUTs:                   67  out of   5720     1%  
    Number used as Logic:                67  out of   5720     1%  

Slice Logic Distribution: 
 Number of LUT Flip Flop pairs used:    100
   Number with an unused Flip Flop:      67  out of    100    67%  
   Number with an unused LUT:            33  out of    100    33%  
   Number of fully used LUT-FF pairs:     0  out of    100     0%  
   Number of unique control sets:        33

IO Utilization: 
 Number of IOs:                          16
 Number of bonded IOBs:                  16  out of    102    15%  

Specific Feature Utilization:
 Number of BUFG/BUFGCTRLs:                1  out of     16     6%  

---------------------------
Partition Resource Summary:
---------------------------

  No Partitions were found in this design.

---------------------------


=========================================================================
Timing Report

NOTE: THESE TIMING NUMBERS ARE ONLY A SYNTHESIS ESTIMATE.
      FOR ACCURATE TIMING INFORMATION PLEASE REFER TO THE TRACE REPORT
      GENERATED AFTER PLACE-and-ROUTE.

Clock Information:
------------------
-----------------------------------+-------------------------+-------+
Clock Signal                       | Clock buffer(FF name)   | Load  |
-----------------------------------+-------------------------+-------+
clk_P123                           | BUFGP                   | 1     |
XLXN_167                           | NONE(XLXI_97/XLXI_11/Q) | 4     |
XLXI_97/XLXI_11/Q                  | NONE(XLXI_98/XLXI_11/Q) | 4     |
XLXI_98/XLXI_11/Q                  | NONE(XLXI_99/XLXI_11/Q) | 4     |
XLXI_99/XLXI_11/Q                  | NONE(XLXI_100/XLXI_11/Q)| 4     |
XLXI_100/XLXI_11/Q                 | NONE(XLXI_101/XLXI_11/Q)| 4     |
XLXI_101/XLXI_11/Q                 | NONE(XLXI_102/XLXI_11/Q)| 4     |
XLXI_102/XLXI_11/Q                 | NONE(XLXI_103/XLXI_11/Q)| 4     |
XLXI_103/XLXI_11/Q                 | NONE(XLXI_15/Q)         | 4     |
-----------------------------------+-------------------------+-------+
INFO:Xst:2169 - HDL ADVISOR - Some clock signals were not automatically buffered by XST with BUFG/BUFR resources. Please use the buffer_type constraint in order to insert these buffers to the clock signals to help prevent skew problems.

Asynchronous Control Signals Information:
----------------------------------------
No asynchronous control signals found in this design

Timing Summary:
---------------
Speed Grade: -3

   Minimum period: 5.176ns (Maximum Frequency: 193.183MHz)
   Minimum input arrival time before clock: No path found
   Maximum output required time after clock: 8.956ns
   Maximum combinational path delay: No path found

Timing Details:
---------------
All values displayed in nanoseconds (ns)

=========================================================================
Timing constraint: Default period analysis for Clock 'clk_P123'
  Clock period: 2.410ns (frequency: 414.964MHz)
  Total number of paths / destination ports: 1 / 1
-------------------------------------------------------------------------
Delay:               2.410ns (Levels of Logic = 1)
  Source:            XLXI_96/XLXI_1 (FF)
  Destination:       XLXI_96/XLXI_1 (FF)
  Source Clock:      clk_P123 rising
  Destination Clock: clk_P123 rising

  Data Path: XLXI_96/XLXI_1 to XLXI_96/XLXI_1
                                Gate     Net
    Cell:in->out      fanout   Delay   Delay  Logical Name (Net Name)
    ----------------------------------------  ------------
     FD:C->Q               5   0.447   0.714  XLXI_96/XLXI_1 (XLXN_167)
     INV:I->O              1   0.568   0.579  XLXI_96/XLXI_2 (XLXI_96/XLXN_4)
     FD:D                      0.102          XLXI_96/XLXI_1
    ----------------------------------------
    Total                      2.410ns (1.117ns logic, 1.293ns route)
                                       (46.4% logic, 53.6% route)

=========================================================================
Timing constraint: Default period analysis for Clock 'XLXN_167'
  Clock period: 5.153ns (frequency: 194.075MHz)
  Total number of paths / destination ports: 30 / 6
-------------------------------------------------------------------------
Delay:               5.153ns (Levels of Logic = 5)
  Source:            XLXI_97/XLXI_1/Q (FF)
  Destination:       XLXI_97/XLXI_11/Q (FF)
  Source Clock:      XLXN_167 rising
  Destination Clock: XLXN_167 rising

  Data Path: XLXI_97/XLXI_1/Q to XLXI_97/XLXI_11/Q
                                Gate     Net
    Cell:in->out      fanout   Delay   Delay  Logical Name (Net Name)
    ----------------------------------------  ------------
     FDC:C->Q              4   0.447   1.028  Q (Q)
     end scope: 'XLXI_97/XLXI_1:Q'
     AND2:I1->O            5   0.223   1.059  XLXI_97/XLXI_9 (XLXI_97/XLXN_21)
     AND2:I1->O            1   0.223   0.944  XLXI_97/XLXI_10 (XLXI_97/XLXN_25)
     OR2:I0->O             2   0.203   0.721  XLXI_97/XLXI_13 (XLXI_97/XLXN_32)
     begin scope: 'XLXI_97/XLXI_11:J'
     LUT3:I1->O            1   0.203   0.000  Q_rstpot (Q_rstpot)
     FDC:D                     0.102          Q
    ----------------------------------------
    Total                      5.153ns (1.401ns logic, 3.752ns route)
                                       (27.2% logic, 72.8% route)

=========================================================================
Timing constraint: Default period analysis for Clock 'XLXI_97/XLXI_11/Q'
  Clock period: 5.153ns (frequency: 194.075MHz)
  Total number of paths / destination ports: 30 / 6
-------------------------------------------------------------------------
Delay:               5.153ns (Levels of Logic = 5)
  Source:            XLXI_98/XLXI_1/Q (FF)
  Destination:       XLXI_98/XLXI_11/Q (FF)
  Source Clock:      XLXI_97/XLXI_11/Q rising
  Destination Clock: XLXI_97/XLXI_11/Q rising

  Data Path: XLXI_98/XLXI_1/Q to XLXI_98/XLXI_11/Q
                                Gate     Net
    Cell:in->out      fanout   Delay   Delay  Logical Name (Net Name)
    ----------------------------------------  ------------
     FDC:C->Q              4   0.447   1.028  Q (Q)
     end scope: 'XLXI_98/XLXI_1:Q'
     AND2:I1->O            5   0.223   1.059  XLXI_98/XLXI_9 (XLXI_98/XLXN_21)
     AND2:I1->O            1   0.223   0.944  XLXI_98/XLXI_10 (XLXI_98/XLXN_25)
     OR2:I0->O             2   0.203   0.721  XLXI_98/XLXI_13 (XLXI_98/XLXN_32)
     begin scope: 'XLXI_98/XLXI_11:J'
     LUT3:I1->O            1   0.203   0.000  Q_rstpot (Q_rstpot)
     FDC:D                     0.102          Q
    ----------------------------------------
    Total                      5.153ns (1.401ns logic, 3.752ns route)
                                       (27.2% logic, 72.8% route)

=========================================================================
Timing constraint: Default period analysis for Clock 'XLXI_98/XLXI_11/Q'
  Clock period: 5.153ns (frequency: 194.075MHz)
  Total number of paths / destination ports: 30 / 6
-------------------------------------------------------------------------
Delay:               5.153ns (Levels of Logic = 5)
  Source:            XLXI_99/XLXI_1/Q (FF)
  Destination:       XLXI_99/XLXI_11/Q (FF)
  Source Clock:      XLXI_98/XLXI_11/Q rising
  Destination Clock: XLXI_98/XLXI_11/Q rising

  Data Path: XLXI_99/XLXI_1/Q to XLXI_99/XLXI_11/Q
                                Gate     Net
    Cell:in->out      fanout   Delay   Delay  Logical Name (Net Name)
    ----------------------------------------  ------------
     FDC:C->Q              4   0.447   1.028  Q (Q)
     end scope: 'XLXI_99/XLXI_1:Q'
     AND2:I1->O            5   0.223   1.059  XLXI_99/XLXI_9 (XLXI_99/XLXN_21)
     AND2:I1->O            1   0.223   0.944  XLXI_99/XLXI_10 (XLXI_99/XLXN_25)
     OR2:I0->O             2   0.203   0.721  XLXI_99/XLXI_13 (XLXI_99/XLXN_32)
     begin scope: 'XLXI_99/XLXI_11:J'
     LUT3:I1->O            1   0.203   0.000  Q_rstpot (Q_rstpot)
     FDC:D                     0.102          Q
    ----------------------------------------
    Total                      5.153ns (1.401ns logic, 3.752ns route)
                                       (27.2% logic, 72.8% route)

=========================================================================
Timing constraint: Default period analysis for Clock 'XLXI_99/XLXI_11/Q'
  Clock period: 5.153ns (frequency: 194.075MHz)
  Total number of paths / destination ports: 30 / 6
-------------------------------------------------------------------------
Delay:               5.153ns (Levels of Logic = 5)
  Source:            XLXI_100/XLXI_1/Q (FF)
  Destination:       XLXI_100/XLXI_11/Q (FF)
  Source Clock:      XLXI_99/XLXI_11/Q rising
  Destination Clock: XLXI_99/XLXI_11/Q rising

  Data Path: XLXI_100/XLXI_1/Q to XLXI_100/XLXI_11/Q
                                Gate     Net
    Cell:in->out      fanout   Delay   Delay  Logical Name (Net Name)
    ----------------------------------------  ------------
     FDC:C->Q              4   0.447   1.028  Q (Q)
     end scope: 'XLXI_100/XLXI_1:Q'
     AND2:I1->O            5   0.223   1.059  XLXI_100/XLXI_9 (XLXI_100/XLXN_21)
     AND2:I1->O            1   0.223   0.944  XLXI_100/XLXI_10 (XLXI_100/XLXN_25)
     OR2:I0->O             2   0.203   0.721  XLXI_100/XLXI_13 (XLXI_100/XLXN_32)
     begin scope: 'XLXI_100/XLXI_11:J'
     LUT3:I1->O            1   0.203   0.000  Q_rstpot (Q_rstpot)
     FDC:D                     0.102          Q
    ----------------------------------------
    Total                      5.153ns (1.401ns logic, 3.752ns route)
                                       (27.2% logic, 72.8% route)

=========================================================================
Timing constraint: Default period analysis for Clock 'XLXI_100/XLXI_11/Q'
  Clock period: 5.153ns (frequency: 194.075MHz)
  Total number of paths / destination ports: 30 / 6
-------------------------------------------------------------------------
Delay:               5.153ns (Levels of Logic = 5)
  Source:            XLXI_101/XLXI_1/Q (FF)
  Destination:       XLXI_101/XLXI_11/Q (FF)
  Source Clock:      XLXI_100/XLXI_11/Q rising
  Destination Clock: XLXI_100/XLXI_11/Q rising

  Data Path: XLXI_101/XLXI_1/Q to XLXI_101/XLXI_11/Q
                                Gate     Net
    Cell:in->out      fanout   Delay   Delay  Logical Name (Net Name)
    ----------------------------------------  ------------
     FDC:C->Q              4   0.447   1.028  Q (Q)
     end scope: 'XLXI_101/XLXI_1:Q'
     AND2:I1->O            5   0.223   1.059  XLXI_101/XLXI_9 (XLXI_101/XLXN_21)
     AND2:I1->O            1   0.223   0.944  XLXI_101/XLXI_10 (XLXI_101/XLXN_25)
     OR2:I0->O             2   0.203   0.721  XLXI_101/XLXI_13 (XLXI_101/XLXN_32)
     begin scope: 'XLXI_101/XLXI_11:J'
     LUT3:I1->O            1   0.203   0.000  Q_rstpot (Q_rstpot)
     FDC:D                     0.102          Q
    ----------------------------------------
    Total                      5.153ns (1.401ns logic, 3.752ns route)
                                       (27.2% logic, 72.8% route)

=========================================================================
Timing constraint: Default period analysis for Clock 'XLXI_101/XLXI_11/Q'
  Clock period: 5.153ns (frequency: 194.075MHz)
  Total number of paths / destination ports: 30 / 6
-------------------------------------------------------------------------
Delay:               5.153ns (Levels of Logic = 5)
  Source:            XLXI_102/XLXI_1/Q (FF)
  Destination:       XLXI_102/XLXI_11/Q (FF)
  Source Clock:      XLXI_101/XLXI_11/Q rising
  Destination Clock: XLXI_101/XLXI_11/Q rising

  Data Path: XLXI_102/XLXI_1/Q to XLXI_102/XLXI_11/Q
                                Gate     Net
    Cell:in->out      fanout   Delay   Delay  Logical Name (Net Name)
    ----------------------------------------  ------------
     FDC:C->Q              4   0.447   1.028  Q (Q)
     end scope: 'XLXI_102/XLXI_1:Q'
     AND2:I1->O            5   0.223   1.059  XLXI_102/XLXI_9 (XLXI_102/XLXN_21)
     AND2:I1->O            1   0.223   0.944  XLXI_102/XLXI_10 (XLXI_102/XLXN_25)
     OR2:I0->O             2   0.203   0.721  XLXI_102/XLXI_13 (XLXI_102/XLXN_32)
     begin scope: 'XLXI_102/XLXI_11:J'
     LUT3:I1->O            1   0.203   0.000  Q_rstpot (Q_rstpot)
     FDC:D                     0.102          Q
    ----------------------------------------
    Total                      5.153ns (1.401ns logic, 3.752ns route)
                                       (27.2% logic, 72.8% route)

=========================================================================
Timing constraint: Default period analysis for Clock 'XLXI_102/XLXI_11/Q'
  Clock period: 5.153ns (frequency: 194.075MHz)
  Total number of paths / destination ports: 30 / 6
-------------------------------------------------------------------------
Delay:               5.153ns (Levels of Logic = 5)
  Source:            XLXI_103/XLXI_1/Q (FF)
  Destination:       XLXI_103/XLXI_11/Q (FF)
  Source Clock:      XLXI_102/XLXI_11/Q rising
  Destination Clock: XLXI_102/XLXI_11/Q rising

  Data Path: XLXI_103/XLXI_1/Q to XLXI_103/XLXI_11/Q
                                Gate     Net
    Cell:in->out      fanout   Delay   Delay  Logical Name (Net Name)
    ----------------------------------------  ------------
     FDC:C->Q              4   0.447   1.028  Q (Q)
     end scope: 'XLXI_103/XLXI_1:Q'
     AND2:I1->O            5   0.223   1.059  XLXI_103/XLXI_9 (XLXI_103/XLXN_21)
     AND2:I1->O            1   0.223   0.944  XLXI_103/XLXI_10 (XLXI_103/XLXN_25)
     OR2:I0->O             2   0.203   0.721  XLXI_103/XLXI_13 (XLXI_103/XLXN_32)
     begin scope: 'XLXI_103/XLXI_11:J'
     LUT3:I1->O            1   0.203   0.000  Q_rstpot (Q_rstpot)
     FDC:D                     0.102          Q
    ----------------------------------------
    Total                      5.153ns (1.401ns logic, 3.752ns route)
                                       (27.2% logic, 72.8% route)

=========================================================================
Timing constraint: Default period analysis for Clock 'XLXI_103/XLXI_11/Q'
  Clock period: 5.176ns (frequency: 193.183MHz)
  Total number of paths / destination ports: 28 / 5
-------------------------------------------------------------------------
Delay:               5.176ns (Levels of Logic = 5)
  Source:            XLXI_89/Q (FF)
  Destination:       XLXI_13/Q (FF)
  Source Clock:      XLXI_103/XLXI_11/Q rising
  Destination Clock: XLXI_103/XLXI_11/Q rising

  Data Path: XLXI_89/Q to XLXI_13/Q
                                Gate     Net
    Cell:in->out      fanout   Delay   Delay  Logical Name (Net Name)
    ----------------------------------------  ------------
     FDP:C->Q              6   0.447   0.744  Q (Q)
     end scope: 'XLXI_89:Q'
     INV:I->O              5   0.568   1.079  XLXI_3 (QCinv)
     AND2:I0->O            1   0.203   0.924  XLXI_8 (XLXN_5)
     OR2:I1->O             1   0.223   0.684  XLXI_9 (XLXN_6)
     begin scope: 'XLXI_13:J'
     LUT3:I1->O            1   0.203   0.000  Q_rstpot (Q_rstpot)
     FDC:D                     0.102          Q
    ----------------------------------------
    Total                      5.176ns (1.746ns logic, 3.430ns route)
                                       (33.7% logic, 66.3% route)

=========================================================================
Timing constraint: Default OFFSET OUT AFTER for Clock 'XLXI_103/XLXI_11/Q'
  Total number of paths / destination ports: 85 / 11
-------------------------------------------------------------------------
Offset:              8.956ns (Levels of Logic = 6)
  Source:            XLXI_89/Q (FF)
  Destination:       d_P34 (PAD)
  Source Clock:      XLXI_103/XLXI_11/Q rising

  Data Path: XLXI_89/Q to d_P34
                                Gate     Net
    Cell:in->out      fanout   Delay   Delay  Logical Name (Net Name)
    ----------------------------------------  ------------
     FDP:C->Q              6   0.447   0.744  Q (Q)
     end scope: 'XLXI_89:Q'
     BUF:I->O             11   0.568   0.882  XLXI_86/XLXI_76 (XLXI_86/C)
     INV:I->O             11   0.568   1.247  XLXI_86/XLXI_84 (XLXI_86/Cinv)
     AND2:I0->O            1   0.203   0.944  XLXI_86/XLXI_34 (XLXI_86/XLXN_30)
     OR5:I0->O             1   0.203   0.579  XLXI_86/XLXI_163 (d_P34_OBUF)
     OBUF:I->O                 2.571          d_P34_OBUF (d_P34)
    ----------------------------------------
    Total                      8.956ns (4.560ns logic, 4.396ns route)
                                       (50.9% logic, 49.1% route)

=========================================================================

Cross Clock Domains Report:
--------------------------

Clock to Setup on destination clock XLXI_100/XLXI_11/Q
------------------+---------+---------+---------+---------+
                  | Src:Rise| Src:Fall| Src:Rise| Src:Fall|
Source Clock      |Dest:Rise|Dest:Rise|Dest:Fall|Dest:Fall|
------------------+---------+---------+---------+---------+
XLXI_100/XLXI_11/Q|    5.153|         |         |         |
------------------+---------+---------+---------+---------+

Clock to Setup on destination clock XLXI_101/XLXI_11/Q
------------------+---------+---------+---------+---------+
                  | Src:Rise| Src:Fall| Src:Rise| Src:Fall|
Source Clock      |Dest:Rise|Dest:Rise|Dest:Fall|Dest:Fall|
------------------+---------+---------+---------+---------+
XLXI_101/XLXI_11/Q|    5.153|         |         |         |
------------------+---------+---------+---------+---------+

Clock to Setup on destination clock XLXI_102/XLXI_11/Q
------------------+---------+---------+---------+---------+
                  | Src:Rise| Src:Fall| Src:Rise| Src:Fall|
Source Clock      |Dest:Rise|Dest:Rise|Dest:Fall|Dest:Fall|
------------------+---------+---------+---------+---------+
XLXI_102/XLXI_11/Q|    5.153|         |         |         |
------------------+---------+---------+---------+---------+

Clock to Setup on destination clock XLXI_103/XLXI_11/Q
------------------+---------+---------+---------+---------+
                  | Src:Rise| Src:Fall| Src:Rise| Src:Fall|
Source Clock      |Dest:Rise|Dest:Rise|Dest:Fall|Dest:Fall|
------------------+---------+---------+---------+---------+
XLXI_103/XLXI_11/Q|    5.176|         |         |         |
------------------+---------+---------+---------+---------+

Clock to Setup on destination clock XLXI_97/XLXI_11/Q
-----------------+---------+---------+---------+---------+
                 | Src:Rise| Src:Fall| Src:Rise| Src:Fall|
Source Clock     |Dest:Rise|Dest:Rise|Dest:Fall|Dest:Fall|
-----------------+---------+---------+---------+---------+
XLXI_97/XLXI_11/Q|    5.153|         |         |         |
-----------------+---------+---------+---------+---------+

Clock to Setup on destination clock XLXI_98/XLXI_11/Q
-----------------+---------+---------+---------+---------+
                 | Src:Rise| Src:Fall| Src:Rise| Src:Fall|
Source Clock     |Dest:Rise|Dest:Rise|Dest:Fall|Dest:Fall|
-----------------+---------+---------+---------+---------+
XLXI_98/XLXI_11/Q|    5.153|         |         |         |
-----------------+---------+---------+---------+---------+

Clock to Setup on destination clock XLXI_99/XLXI_11/Q
-----------------+---------+---------+---------+---------+
                 | Src:Rise| Src:Fall| Src:Rise| Src:Fall|
Source Clock     |Dest:Rise|Dest:Rise|Dest:Fall|Dest:Fall|
-----------------+---------+---------+---------+---------+
XLXI_99/XLXI_11/Q|    5.153|         |         |         |
-----------------+---------+---------+---------+---------+

Clock to Setup on destination clock XLXN_167
---------------+---------+---------+---------+---------+
               | Src:Rise| Src:Fall| Src:Rise| Src:Fall|
Source Clock   |Dest:Rise|Dest:Rise|Dest:Fall|Dest:Fall|
---------------+---------+---------+---------+---------+
XLXN_167       |    5.153|         |         |         |
---------------+---------+---------+---------+---------+

Clock to Setup on destination clock clk_P123
---------------+---------+---------+---------+---------+
               | Src:Rise| Src:Fall| Src:Rise| Src:Fall|
Source Clock   |Dest:Rise|Dest:Rise|Dest:Fall|Dest:Fall|
---------------+---------+---------+---------+---------+
clk_P123       |    2.410|         |         |         |
---------------+---------+---------+---------+---------+

=========================================================================


Total REAL time to Xst completion: 6.00 secs
Total CPU time to Xst completion: 6.38 secs
 
--> 

Total memory usage is 4486288 kilobytes

Number of errors   :    0 (   0 filtered)
Number of warnings :    0 (   0 filtered)
Number of infos    :    1 (   0 filtered)

