--------------------------------------------------------------------------------
Release 14.7 Trace  (nt64)
Copyright (c) 1995-2013 Xilinx, Inc.  All rights reserved.

D:\14.7\ISE_DS\ISE\bin\nt64\unwrapped\trce.exe -intstyle ise -v 3 -s 3 -n 3
-fastpaths -xml Lab5_1.twx Lab5_1.ncd -o Lab5_1.twr Lab5_1.pcf -ucf Lab5_1.ucf

Design file:              Lab5_1.ncd
Physical constraint file: Lab5_1.pcf
Device,package,speed:     xc6slx9,tqg144,C,-3 (PRODUCTION 1.23 2013-10-13)
Report level:             verbose report

Environment Variable      Effect 
--------------------      ------ 
NONE                      No environment variables were set
--------------------------------------------------------------------------------

INFO:Timing:2698 - No timing constraints found, doing default enumeration.
INFO:Timing:3412 - To improve timing, see the Timing Closure User Guide (UG612).
INFO:Timing:2752 - To get complete path coverage, use the unconstrained paths 
   option. All paths that are not constrained will be reported in the 
   unconstrained paths section(s) of the report.
INFO:Timing:3339 - The clock-to-out numbers in this timing report are based on 
   a 50 Ohm transmission line loading model.  For the details of this model, 
   and for more information on accounting for different loading conditions, 
   please see the device datasheet.



Data Sheet report:
-----------------
All values displayed in nanoseconds (ns)

Pad to Pad
---------------+---------------+---------+
Source Pad     |Destination Pad|  Delay  |
---------------+---------------+---------+
D0_P21         |Bz_P83         |    8.077|
D0_P21         |led_P82        |    7.527|
D1_P16         |Bz_P83         |    8.239|
D1_P16         |led_P82        |    7.689|
D2_P14         |Bz_P83         |    8.628|
D2_P14         |led_P82        |    8.078|
SW0_P66        |Bz_P83         |    8.008|
SW0_P66        |led_P82        |    7.458|
SW1_P62        |Bz_P83         |    8.371|
SW1_P62        |led_P82        |    7.821|
SW2_P61        |Bz_P83         |    7.793|
SW2_P61        |led_P82        |    7.243|
---------------+---------------+---------+


Analysis completed Mon Aug 07 11:09:25 2023 
--------------------------------------------------------------------------------

Trace Settings:
-------------------------
Trace Settings 

Peak Memory Usage: 4571 MB



