Release 14.7 - xst P.20131013 (nt64)
Copyright (c) 1995-2013 Xilinx, Inc.  All rights reserved.
--> Parameter TMPDIR set to xst/projnav.tmp


Total REAL time to Xst completion: 0.00 secs
Total CPU time to Xst completion: 0.08 secs
 
--> Parameter xsthdpdir set to xst


Total REAL time to Xst completion: 0.00 secs
Total CPU time to Xst completion: 0.08 secs
 
--> Reading design: time1s.prj

TABLE OF CONTENTS
  1) Synthesis Options Summary
  2) HDL Parsing
  3) HDL Elaboration
  4) HDL Synthesis
       4.1) HDL Synthesis Report
  5) Advanced HDL Synthesis
       5.1) Advanced HDL Synthesis Report
  6) Low Level Synthesis
  7) Partition Report
  8) Design Summary
       8.1) Primitive and Black Box Usage
       8.2) Device utilization summary
       8.3) Partition Resource Summary
       8.4) Timing Report
            8.4.1) Clock Information
            8.4.2) Asynchronous Control Signals Information
            8.4.3) Timing Summary
            8.4.4) Timing Details
            8.4.5) Cross Clock Domains Report


=========================================================================
*                      Synthesis Options Summary                        *
=========================================================================
---- Source Parameters
Input File Name                    : "time1s.prj"
Ignore Synthesis Constraint File   : NO

---- Target Parameters
Output File Name                   : "time1s"
Output Format                      : NGC
Target Device                      : xc6slx9-3-tqg144

---- Source Options
Top Module Name                    : time1s
Automatic FSM Extraction           : YES
FSM Encoding Algorithm             : Auto
Safe Implementation                : No
FSM Style                          : LUT
RAM Extraction                     : Yes
RAM Style                          : Auto
ROM Extraction                     : Yes
Shift Register Extraction          : YES
ROM Style                          : Auto
Resource Sharing                   : YES
Asynchronous To Synchronous        : NO
Shift Register Minimum Size        : 2
Use DSP Block                      : Auto
Automatic Register Balancing       : No

---- Target Options
LUT Combining                      : Auto
Reduce Control Sets                : Auto
Add IO Buffers                     : YES
Global Maximum Fanout              : 100000
Add Generic Clock Buffer(BUFG)     : 16
Register Duplication               : YES
Optimize Instantiated Primitives   : NO
Use Clock Enable                   : Auto
Use Synchronous Set                : Auto
Use Synchronous Reset              : Auto
Pack IO Registers into IOBs        : Auto
Equivalent register Removal        : YES

---- General Options
Optimization Goal                  : Speed
Optimization Effort                : 1
Power Reduction                    : NO
Keep Hierarchy                     : No
Netlist Hierarchy                  : As_Optimized
RTL Output                         : Yes
Global Optimization                : AllClockNets
Read Cores                         : YES
Write Timing Constraints           : NO
Cross Clock Analysis               : NO
Hierarchy Separator                : /
Bus Delimiter                      : <>
Case Specifier                     : Maintain
Slice Utilization Ratio            : 100
BRAM Utilization Ratio             : 100
DSP48 Utilization Ratio            : 100
Auto BRAM Packing                  : NO
Slice Utilization Ratio Delta      : 5

=========================================================================


=========================================================================
*                          HDL Parsing                                  *
=========================================================================
Analyzing Verilog file "C:\Users\natta\OneDrive\Desktop\1_2566\Digital\timeDeDe\time1s\time1s.vf" into library work
Parsing module <FJKC_HXILINX_time1s>.
Parsing module <Mod10_MUSER_time1s>.
Parsing module <Mod2_MUSER_time1s>.
Parsing module <time1s>.

=========================================================================
*                            HDL Elaboration                            *
=========================================================================

Elaborating module <time1s>.

Elaborating module <Mod2_MUSER_time1s>.

Elaborating module <FD(INIT=1'b0)>.

Elaborating module <INV>.

Elaborating module <Mod10_MUSER_time1s>.

Elaborating module <FJKC_HXILINX_time1s>.

Elaborating module <VCC>.

Elaborating module <GND>.

Elaborating module <AND2>.

Elaborating module <OR2>.

=========================================================================
*                           HDL Synthesis                               *
=========================================================================

Synthesizing Unit <time1s>.
    Related source file is "C:\Users\natta\OneDrive\Desktop\1_2566\Digital\timeDeDe\time1s\time1s.vf".
    Summary:
	no macro.
Unit <time1s> synthesized.

Synthesizing Unit <Mod2_MUSER_time1s>.
    Related source file is "C:\Users\natta\OneDrive\Desktop\1_2566\Digital\timeDeDe\time1s\time1s.vf".
    Summary:
	no macro.
Unit <Mod2_MUSER_time1s> synthesized.

Synthesizing Unit <Mod10_MUSER_time1s>.
    Related source file is "C:\Users\natta\OneDrive\Desktop\1_2566\Digital\timeDeDe\time1s\time1s.vf".
    Set property "HU_SET = XLXI_1_1" for instance <XLXI_1>.
    Set property "HU_SET = XLXI_2_0" for instance <XLXI_2>.
    Set property "HU_SET = XLXI_3_2" for instance <XLXI_3>.
    Set property "HU_SET = XLXI_11_3" for instance <XLXI_11>.
    Summary:
	no macro.
Unit <Mod10_MUSER_time1s> synthesized.

Synthesizing Unit <FJKC_HXILINX_time1s>.
    Related source file is "C:\Users\natta\OneDrive\Desktop\1_2566\Digital\timeDeDe\time1s\time1s.vf".
        INIT = 1'b0
    Found 1-bit register for signal <Q>.
    Summary:
	inferred   1 D-type flip-flop(s).
	inferred   2 Multiplexer(s).
Unit <FJKC_HXILINX_time1s> synthesized.

=========================================================================
HDL Synthesis Report

Macro Statistics
# Registers                                            : 28
 1-bit register                                        : 28
# Multiplexers                                         : 56
 1-bit 2-to-1 multiplexer                              : 56

=========================================================================

=========================================================================
*                       Advanced HDL Synthesis                          *
=========================================================================


=========================================================================
Advanced HDL Synthesis Report

Macro Statistics
# Registers                                            : 29
 Flip-Flops                                            : 29
# Multiplexers                                         : 56
 1-bit 2-to-1 multiplexer                              : 56

=========================================================================

=========================================================================
*                         Low Level Synthesis                           *
=========================================================================

Optimizing unit <time1s> ...

Optimizing unit <Mod10_MUSER_time1s> ...

Optimizing unit <FJKC_HXILINX_time1s> ...

Mapping all equations...
Building and optimizing final netlist ...
Found area constraint ratio of 100 (+ 5) on block time1s, actual ratio is 0.

Final Macro Processing ...

=========================================================================
Final Register Report

Macro Statistics
# Registers                                            : 29
 Flip-Flops                                            : 29

=========================================================================

=========================================================================
*                           Partition Report                            *
=========================================================================

Partition Implementation Status
-------------------------------

  No Partitions were found in this design.

-------------------------------

=========================================================================
*                            Design Summary                             *
=========================================================================

Top Level Output File Name         : time1s.ngc

Primitive and Black Box Usage:
------------------------------
# BELS                             : 86
#      AND2                        : 28
#      GND                         : 1
#      INV                         : 15
#      LUT2                        : 14
#      LUT3                        : 21
#      OR2                         : 7
# FlipFlops/Latches                : 29
#      FD                          : 1
#      FDC                         : 14
#      FDCE                        : 14
# Clock Buffers                    : 1
#      BUFGP                       : 1
# IO Buffers                       : 1
#      OBUF                        : 1

Device utilization summary:
---------------------------

Selected Device : 6slx9tqg144-3 


Slice Logic Utilization: 
 Number of Slice Registers:              29  out of  11440     0%  
 Number of Slice LUTs:                   50  out of   5720     0%  
    Number used as Logic:                50  out of   5720     0%  

Slice Logic Distribution: 
 Number of LUT Flip Flop pairs used:     79
   Number with an unused Flip Flop:      50  out of     79    63%  
   Number with an unused LUT:            29  out of     79    36%  
   Number of fully used LUT-FF pairs:     0  out of     79     0%  
   Number of unique control sets:        29

IO Utilization: 
 Number of IOs:                           2
 Number of bonded IOBs:                   2  out of    102     1%  

Specific Feature Utilization:
 Number of BUFG/BUFGCTRLs:                1  out of     16     6%  

---------------------------
Partition Resource Summary:
---------------------------

  No Partitions were found in this design.

---------------------------


=========================================================================
Timing Report

NOTE: THESE TIMING NUMBERS ARE ONLY A SYNTHESIS ESTIMATE.
      FOR ACCURATE TIMING INFORMATION PLEASE REFER TO THE TRACE REPORT
      GENERATED AFTER PLACE-and-ROUTE.

Clock Information:
------------------
-----------------------------------+------------------------+-------+
Clock Signal                       | Clock buffer(FF name)  | Load  |
-----------------------------------+------------------------+-------+
P123                               | BUFGP                  | 1     |
XLXN_1                             | NONE(XLXI_2/XLXI_11/Q) | 4     |
XLXI_2/XLXI_11/Q                   | NONE(XLXI_3/XLXI_11/Q) | 4     |
XLXI_3/XLXI_11/Q                   | NONE(XLXI_4/XLXI_11/Q) | 4     |
XLXI_4/XLXI_11/Q                   | NONE(XLXI_5/XLXI_11/Q) | 4     |
XLXI_5/XLXI_11/Q                   | NONE(XLXI_7/XLXI_11/Q) | 4     |
XLXI_7/XLXI_11/Q                   | NONE(XLXI_6/XLXI_11/Q) | 4     |
XLXI_6/XLXI_11/Q                   | NONE(XLXI_8/XLXI_11/Q) | 4     |
-----------------------------------+------------------------+-------+
INFO:Xst:2169 - HDL ADVISOR - Some clock signals were not automatically buffered by XST with BUFG/BUFR resources. Please use the buffer_type constraint in order to insert these buffers to the clock signals to help prevent skew problems.

Asynchronous Control Signals Information:
----------------------------------------
No asynchronous control signals found in this design

Timing Summary:
---------------
Speed Grade: -3

   Minimum period: 5.153ns (Maximum Frequency: 194.075MHz)
   Minimum input arrival time before clock: No path found
   Maximum output required time after clock: 3.701ns
   Maximum combinational path delay: No path found

Timing Details:
---------------
All values displayed in nanoseconds (ns)

=========================================================================
Timing constraint: Default period analysis for Clock 'P123'
  Clock period: 2.410ns (frequency: 414.964MHz)
  Total number of paths / destination ports: 1 / 1
-------------------------------------------------------------------------
Delay:               2.410ns (Levels of Logic = 1)
  Source:            XLXI_1/XLXI_1 (FF)
  Destination:       XLXI_1/XLXI_1 (FF)
  Source Clock:      P123 rising
  Destination Clock: P123 rising

  Data Path: XLXI_1/XLXI_1 to XLXI_1/XLXI_1
                                Gate     Net
    Cell:in->out      fanout   Delay   Delay  Logical Name (Net Name)
    ----------------------------------------  ------------
     FD:C->Q               5   0.447   0.714  XLXI_1/XLXI_1 (XLXN_1)
     INV:I->O              1   0.568   0.579  XLXI_1/XLXI_2 (XLXI_1/XLXN_4)
     FD:D                      0.102          XLXI_1/XLXI_1
    ----------------------------------------
    Total                      2.410ns (1.117ns logic, 1.293ns route)
                                       (46.4% logic, 53.6% route)

=========================================================================
Timing constraint: Default period analysis for Clock 'XLXN_1'
  Clock period: 5.153ns (frequency: 194.075MHz)
  Total number of paths / destination ports: 30 / 6
-------------------------------------------------------------------------
Delay:               5.153ns (Levels of Logic = 5)
  Source:            XLXI_2/XLXI_1/Q (FF)
  Destination:       XLXI_2/XLXI_11/Q (FF)
  Source Clock:      XLXN_1 rising
  Destination Clock: XLXN_1 rising

  Data Path: XLXI_2/XLXI_1/Q to XLXI_2/XLXI_11/Q
                                Gate     Net
    Cell:in->out      fanout   Delay   Delay  Logical Name (Net Name)
    ----------------------------------------  ------------
     FDC:C->Q              4   0.447   1.028  Q (Q)
     end scope: 'XLXI_2/XLXI_1:Q'
     AND2:I1->O            5   0.223   1.059  XLXI_2/XLXI_9 (XLXI_2/XLXN_21)
     AND2:I1->O            1   0.223   0.944  XLXI_2/XLXI_10 (XLXI_2/XLXN_25)
     OR2:I0->O             2   0.203   0.721  XLXI_2/XLXI_13 (XLXI_2/XLXN_32)
     begin scope: 'XLXI_2/XLXI_11:J'
     LUT3:I1->O            1   0.203   0.000  Q_rstpot (Q_rstpot)
     FDC:D                     0.102          Q
    ----------------------------------------
    Total                      5.153ns (1.401ns logic, 3.752ns route)
                                       (27.2% logic, 72.8% route)

=========================================================================
Timing constraint: Default period analysis for Clock 'XLXI_2/XLXI_11/Q'
  Clock period: 5.153ns (frequency: 194.075MHz)
  Total number of paths / destination ports: 30 / 6
-------------------------------------------------------------------------
Delay:               5.153ns (Levels of Logic = 5)
  Source:            XLXI_3/XLXI_1/Q (FF)
  Destination:       XLXI_3/XLXI_11/Q (FF)
  Source Clock:      XLXI_2/XLXI_11/Q rising
  Destination Clock: XLXI_2/XLXI_11/Q rising

  Data Path: XLXI_3/XLXI_1/Q to XLXI_3/XLXI_11/Q
                                Gate     Net
    Cell:in->out      fanout   Delay   Delay  Logical Name (Net Name)
    ----------------------------------------  ------------
     FDC:C->Q              4   0.447   1.028  Q (Q)
     end scope: 'XLXI_3/XLXI_1:Q'
     AND2:I1->O            5   0.223   1.059  XLXI_3/XLXI_9 (XLXI_3/XLXN_21)
     AND2:I1->O            1   0.223   0.944  XLXI_3/XLXI_10 (XLXI_3/XLXN_25)
     OR2:I0->O             2   0.203   0.721  XLXI_3/XLXI_13 (XLXI_3/XLXN_32)
     begin scope: 'XLXI_3/XLXI_11:J'
     LUT3:I1->O            1   0.203   0.000  Q_rstpot (Q_rstpot)
     FDC:D                     0.102          Q
    ----------------------------------------
    Total                      5.153ns (1.401ns logic, 3.752ns route)
                                       (27.2% logic, 72.8% route)

=========================================================================
Timing constraint: Default period analysis for Clock 'XLXI_3/XLXI_11/Q'
  Clock period: 5.153ns (frequency: 194.075MHz)
  Total number of paths / destination ports: 30 / 6
-------------------------------------------------------------------------
Delay:               5.153ns (Levels of Logic = 5)
  Source:            XLXI_4/XLXI_1/Q (FF)
  Destination:       XLXI_4/XLXI_11/Q (FF)
  Source Clock:      XLXI_3/XLXI_11/Q rising
  Destination Clock: XLXI_3/XLXI_11/Q rising

  Data Path: XLXI_4/XLXI_1/Q to XLXI_4/XLXI_11/Q
                                Gate     Net
    Cell:in->out      fanout   Delay   Delay  Logical Name (Net Name)
    ----------------------------------------  ------------
     FDC:C->Q              4   0.447   1.028  Q (Q)
     end scope: 'XLXI_4/XLXI_1:Q'
     AND2:I1->O            5   0.223   1.059  XLXI_4/XLXI_9 (XLXI_4/XLXN_21)
     AND2:I1->O            1   0.223   0.944  XLXI_4/XLXI_10 (XLXI_4/XLXN_25)
     OR2:I0->O             2   0.203   0.721  XLXI_4/XLXI_13 (XLXI_4/XLXN_32)
     begin scope: 'XLXI_4/XLXI_11:J'
     LUT3:I1->O            1   0.203   0.000  Q_rstpot (Q_rstpot)
     FDC:D                     0.102          Q
    ----------------------------------------
    Total                      5.153ns (1.401ns logic, 3.752ns route)
                                       (27.2% logic, 72.8% route)

=========================================================================
Timing constraint: Default period analysis for Clock 'XLXI_4/XLXI_11/Q'
  Clock period: 5.153ns (frequency: 194.075MHz)
  Total number of paths / destination ports: 30 / 6
-------------------------------------------------------------------------
Delay:               5.153ns (Levels of Logic = 5)
  Source:            XLXI_5/XLXI_1/Q (FF)
  Destination:       XLXI_5/XLXI_11/Q (FF)
  Source Clock:      XLXI_4/XLXI_11/Q rising
  Destination Clock: XLXI_4/XLXI_11/Q rising

  Data Path: XLXI_5/XLXI_1/Q to XLXI_5/XLXI_11/Q
                                Gate     Net
    Cell:in->out      fanout   Delay   Delay  Logical Name (Net Name)
    ----------------------------------------  ------------
     FDC:C->Q              4   0.447   1.028  Q (Q)
     end scope: 'XLXI_5/XLXI_1:Q'
     AND2:I1->O            5   0.223   1.059  XLXI_5/XLXI_9 (XLXI_5/XLXN_21)
     AND2:I1->O            1   0.223   0.944  XLXI_5/XLXI_10 (XLXI_5/XLXN_25)
     OR2:I0->O             2   0.203   0.721  XLXI_5/XLXI_13 (XLXI_5/XLXN_32)
     begin scope: 'XLXI_5/XLXI_11:J'
     LUT3:I1->O            1   0.203   0.000  Q_rstpot (Q_rstpot)
     FDC:D                     0.102          Q
    ----------------------------------------
    Total                      5.153ns (1.401ns logic, 3.752ns route)
                                       (27.2% logic, 72.8% route)

=========================================================================
Timing constraint: Default period analysis for Clock 'XLXI_5/XLXI_11/Q'
  Clock period: 5.153ns (frequency: 194.075MHz)
  Total number of paths / destination ports: 30 / 6
-------------------------------------------------------------------------
Delay:               5.153ns (Levels of Logic = 5)
  Source:            XLXI_7/XLXI_1/Q (FF)
  Destination:       XLXI_7/XLXI_11/Q (FF)
  Source Clock:      XLXI_5/XLXI_11/Q rising
  Destination Clock: XLXI_5/XLXI_11/Q rising

  Data Path: XLXI_7/XLXI_1/Q to XLXI_7/XLXI_11/Q
                                Gate     Net
    Cell:in->out      fanout   Delay   Delay  Logical Name (Net Name)
    ----------------------------------------  ------------
     FDC:C->Q              4   0.447   1.028  Q (Q)
     end scope: 'XLXI_7/XLXI_1:Q'
     AND2:I1->O            5   0.223   1.059  XLXI_7/XLXI_9 (XLXI_7/XLXN_21)
     AND2:I1->O            1   0.223   0.944  XLXI_7/XLXI_10 (XLXI_7/XLXN_25)
     OR2:I0->O             2   0.203   0.721  XLXI_7/XLXI_13 (XLXI_7/XLXN_32)
     begin scope: 'XLXI_7/XLXI_11:J'
     LUT3:I1->O            1   0.203   0.000  Q_rstpot (Q_rstpot)
     FDC:D                     0.102          Q
    ----------------------------------------
    Total                      5.153ns (1.401ns logic, 3.752ns route)
                                       (27.2% logic, 72.8% route)

=========================================================================
Timing constraint: Default period analysis for Clock 'XLXI_7/XLXI_11/Q'
  Clock period: 5.153ns (frequency: 194.075MHz)
  Total number of paths / destination ports: 30 / 6
-------------------------------------------------------------------------
Delay:               5.153ns (Levels of Logic = 5)
  Source:            XLXI_6/XLXI_1/Q (FF)
  Destination:       XLXI_6/XLXI_11/Q (FF)
  Source Clock:      XLXI_7/XLXI_11/Q rising
  Destination Clock: XLXI_7/XLXI_11/Q rising

  Data Path: XLXI_6/XLXI_1/Q to XLXI_6/XLXI_11/Q
                                Gate     Net
    Cell:in->out      fanout   Delay   Delay  Logical Name (Net Name)
    ----------------------------------------  ------------
     FDC:C->Q              4   0.447   1.028  Q (Q)
     end scope: 'XLXI_6/XLXI_1:Q'
     AND2:I1->O            5   0.223   1.059  XLXI_6/XLXI_9 (XLXI_6/XLXN_21)
     AND2:I1->O            1   0.223   0.944  XLXI_6/XLXI_10 (XLXI_6/XLXN_25)
     OR2:I0->O             2   0.203   0.721  XLXI_6/XLXI_13 (XLXI_6/XLXN_32)
     begin scope: 'XLXI_6/XLXI_11:J'
     LUT3:I1->O            1   0.203   0.000  Q_rstpot (Q_rstpot)
     FDC:D                     0.102          Q
    ----------------------------------------
    Total                      5.153ns (1.401ns logic, 3.752ns route)
                                       (27.2% logic, 72.8% route)

=========================================================================
Timing constraint: Default period analysis for Clock 'XLXI_6/XLXI_11/Q'
  Clock period: 5.153ns (frequency: 194.075MHz)
  Total number of paths / destination ports: 30 / 6
-------------------------------------------------------------------------
Delay:               5.153ns (Levels of Logic = 5)
  Source:            XLXI_8/XLXI_1/Q (FF)
  Destination:       XLXI_8/XLXI_11/Q (FF)
  Source Clock:      XLXI_6/XLXI_11/Q rising
  Destination Clock: XLXI_6/XLXI_11/Q rising

  Data Path: XLXI_8/XLXI_1/Q to XLXI_8/XLXI_11/Q
                                Gate     Net
    Cell:in->out      fanout   Delay   Delay  Logical Name (Net Name)
    ----------------------------------------  ------------
     FDC:C->Q              4   0.447   1.028  Q (Q)
     end scope: 'XLXI_8/XLXI_1:Q'
     AND2:I1->O            5   0.223   1.059  XLXI_8/XLXI_9 (XLXI_8/XLXN_21)
     AND2:I1->O            1   0.223   0.944  XLXI_8/XLXI_10 (XLXI_8/XLXN_25)
     OR2:I0->O             2   0.203   0.721  XLXI_8/XLXI_13 (XLXI_8/XLXN_32)
     begin scope: 'XLXI_8/XLXI_11:J'
     LUT3:I1->O            1   0.203   0.000  Q_rstpot (Q_rstpot)
     FDC:D                     0.102          Q
    ----------------------------------------
    Total                      5.153ns (1.401ns logic, 3.752ns route)
                                       (27.2% logic, 72.8% route)

=========================================================================
Timing constraint: Default OFFSET OUT AFTER for Clock 'XLXI_6/XLXI_11/Q'
  Total number of paths / destination ports: 1 / 1
-------------------------------------------------------------------------
Offset:              3.701ns (Levels of Logic = 2)
  Source:            XLXI_8/XLXI_11/Q (FF)
  Destination:       CLK1s (PAD)
  Source Clock:      XLXI_6/XLXI_11/Q rising

  Data Path: XLXI_8/XLXI_11/Q to CLK1s
                                Gate     Net
    Cell:in->out      fanout   Delay   Delay  Logical Name (Net Name)
    ----------------------------------------  ------------
     FDC:C->Q              4   0.447   0.683  Q (Q)
     end scope: 'XLXI_8/XLXI_11:Q'
     OBUF:I->O                 2.571          CLK1s_OBUF (CLK1s)
    ----------------------------------------
    Total                      3.701ns (3.018ns logic, 0.683ns route)
                                       (81.6% logic, 18.4% route)

=========================================================================

Cross Clock Domains Report:
--------------------------

Clock to Setup on destination clock P123
---------------+---------+---------+---------+---------+
               | Src:Rise| Src:Fall| Src:Rise| Src:Fall|
Source Clock   |Dest:Rise|Dest:Rise|Dest:Fall|Dest:Fall|
---------------+---------+---------+---------+---------+
P123           |    2.410|         |         |         |
---------------+---------+---------+---------+---------+

Clock to Setup on destination clock XLXI_2/XLXI_11/Q
----------------+---------+---------+---------+---------+
                | Src:Rise| Src:Fall| Src:Rise| Src:Fall|
Source Clock    |Dest:Rise|Dest:Rise|Dest:Fall|Dest:Fall|
----------------+---------+---------+---------+---------+
XLXI_2/XLXI_11/Q|    5.153|         |         |         |
----------------+---------+---------+---------+---------+

Clock to Setup on destination clock XLXI_3/XLXI_11/Q
----------------+---------+---------+---------+---------+
                | Src:Rise| Src:Fall| Src:Rise| Src:Fall|
Source Clock    |Dest:Rise|Dest:Rise|Dest:Fall|Dest:Fall|
----------------+---------+---------+---------+---------+
XLXI_3/XLXI_11/Q|    5.153|         |         |         |
----------------+---------+---------+---------+---------+

Clock to Setup on destination clock XLXI_4/XLXI_11/Q
----------------+---------+---------+---------+---------+
                | Src:Rise| Src:Fall| Src:Rise| Src:Fall|
Source Clock    |Dest:Rise|Dest:Rise|Dest:Fall|Dest:Fall|
----------------+---------+---------+---------+---------+
XLXI_4/XLXI_11/Q|    5.153|         |         |         |
----------------+---------+---------+---------+---------+

Clock to Setup on destination clock XLXI_5/XLXI_11/Q
----------------+---------+---------+---------+---------+
                | Src:Rise| Src:Fall| Src:Rise| Src:Fall|
Source Clock    |Dest:Rise|Dest:Rise|Dest:Fall|Dest:Fall|
----------------+---------+---------+---------+---------+
XLXI_5/XLXI_11/Q|    5.153|         |         |         |
----------------+---------+---------+---------+---------+

Clock to Setup on destination clock XLXI_6/XLXI_11/Q
----------------+---------+---------+---------+---------+
                | Src:Rise| Src:Fall| Src:Rise| Src:Fall|
Source Clock    |Dest:Rise|Dest:Rise|Dest:Fall|Dest:Fall|
----------------+---------+---------+---------+---------+
XLXI_6/XLXI_11/Q|    5.153|         |         |         |
----------------+---------+---------+---------+---------+

Clock to Setup on destination clock XLXI_7/XLXI_11/Q
----------------+---------+---------+---------+---------+
                | Src:Rise| Src:Fall| Src:Rise| Src:Fall|
Source Clock    |Dest:Rise|Dest:Rise|Dest:Fall|Dest:Fall|
----------------+---------+---------+---------+---------+
XLXI_7/XLXI_11/Q|    5.153|         |         |         |
----------------+---------+---------+---------+---------+

Clock to Setup on destination clock XLXN_1
---------------+---------+---------+---------+---------+
               | Src:Rise| Src:Fall| Src:Rise| Src:Fall|
Source Clock   |Dest:Rise|Dest:Rise|Dest:Fall|Dest:Fall|
---------------+---------+---------+---------+---------+
XLXN_1         |    5.153|         |         |         |
---------------+---------+---------+---------+---------+

=========================================================================


Total REAL time to Xst completion: 5.00 secs
Total CPU time to Xst completion: 4.70 secs
 
--> 

Total memory usage is 4486288 kilobytes

Number of errors   :    0 (   0 filtered)
Number of warnings :    0 (   0 filtered)
Number of infos    :    1 (   0 filtered)

