--------------------------------------------------------------------------------
Release 14.7 Trace  (nt64)
Copyright (c) 1995-2013 Xilinx, Inc.  All rights reserved.

D:\14.7\ISE_DS\ISE\bin\nt64\unwrapped\trce.exe -intstyle ise -v 3 -s 3 -n 3
-fastpaths -xml Lab5_3S.twx Lab5_3S.ncd -o Lab5_3S.twr Lab5_3S.pcf -ucf
Lab5_3S.ucf

Design file:              Lab5_3S.ncd
Physical constraint file: Lab5_3S.pcf
Device,package,speed:     xc6slx9,tqg144,C,-3 (PRODUCTION 1.23 2013-10-13)
Report level:             verbose report

Environment Variable      Effect 
--------------------      ------ 
NONE                      No environment variables were set
--------------------------------------------------------------------------------

INFO:Timing:2698 - No timing constraints found, doing default enumeration.
INFO:Timing:3412 - To improve timing, see the Timing Closure User Guide (UG612).
INFO:Timing:2752 - To get complete path coverage, use the unconstrained paths 
   option. All paths that are not constrained will be reported in the 
   unconstrained paths section(s) of the report.
INFO:Timing:3339 - The clock-to-out numbers in this timing report are based on 
   a 50 Ohm transmission line loading model.  For the details of this model, 
   and for more information on accounting for different loading conditions, 
   please see the device datasheet.



Data Sheet report:
-----------------
All values displayed in nanoseconds (ns)

Pad to Pad
---------------+---------------+---------+
Source Pad     |Destination Pad|  Delay  |
---------------+---------------+---------+
SW0_P66        |OUTPUT_P7      |   10.322|
SW0_P66        |OUTPUT_P21     |    8.227|
SW1_P62        |OUTPUT_P7      |   10.465|
SW1_P62        |OUTPUT_P16     |    8.521|
SW2_P61        |OUTPUT_P7      |   10.473|
SW2_P61        |OUTPUT_P14     |    8.570|
SW3_P59        |OUTPUT_P7      |   10.425|
SW3_P59        |OUTPUT_P11     |    9.328|
SW4_P58        |OUTPUT_P7      |   10.157|
SW4_P58        |OUTPUT_P9      |    9.292|
---------------+---------------+---------+


Analysis completed Mon Aug 07 14:05:00 2023 
--------------------------------------------------------------------------------

Trace Settings:
-------------------------
Trace Settings 

Peak Memory Usage: 4571 MB



